{"C:\\Users\\Surya\\OneDrive\\Desktop\\virtual-bus-services-main\\fitforge-buddy-main\\src\\App.tsx": {"path":"C:\\Users\\Surya\\OneDrive\\Desktop\\virtual-bus-services-main\\fitforge-buddy-main\\src\\App.tsx","statementMap":{"0":{"start":{"line":1,"column":0},"end":{"line":1,"column":50}},"1":{"start":{"line":2,"column":0},"end":{"line":2,"column":59}},"2":{"start":{"line":3,"column":0},"end":{"line":3,"column":58}},"3":{"start":{"line":4,"column":0},"end":{"line":4,"column":73}},"4":{"start":{"line":5,"column":0},"end":{"line":5,"column":74}},"5":{"start":{"line":6,"column":0},"end":{"line":6,"column":34}},"6":{"start":{"line":7,"column":0},"end":{"line":7,"column":40}},"7":{"start":{"line":8,"column":0},"end":{"line":8,"column":34}},"8":{"start":{"line":9,"column":0},"end":{"line":9,"column":46}},"9":{"start":{"line":10,"column":0},"end":{"line":10,"column":52}},"10":{"start":{"line":11,"column":0},"end":{"line":11,"column":46}},"11":{"start":{"line":12,"column":0},"end":{"line":12,"column":44}},"12":{"start":{"line":13,"column":0},"end":{"line":13,"column":38}},"13":{"start":{"line":14,"column":0},"end":{"line":14,"column":52}},"14":{"start":{"line":15,"column":0},"end":{"line":15,"column":54}},"15":{"start":{"line":16,"column":0},"end":{"line":16,"column":51}},"16":{"start":{"line":17,"column":0},"end":{"line":17,"column":49}},"17":{"start":{"line":18,"column":0},"end":{"line":18,"column":32}},"18":{"start":{"line":19,"column":0},"end":{"line":19,"column":48}},"19":{"start":{"line":20,"column":0},"end":{"line":20,"column":57}},"20":{"start":{"line":22,"column":20},"end":{"line":22,"column":37}},"21":{"start":{"line":26,"column":30},"end":{"line":26,"column":39}},"22":{"start":{"line":27,"column":2},"end":{"line":29,"column":3}},"23":{"start":{"line":28,"column":4},"end":{"line":28,"column":44}},"24":{"start":{"line":30,"column":2},"end":{"line":30,"column":18}},"25":{"start":{"line":33,"column":15},"end":{"line":51,"column":1}},"26":{"start":{"line":34,"column":36},"end":{"line":34,"column":45}},"27":{"start":{"line":35,"column":2},"end":{"line":50,"column":4}},"28":{"start":{"line":53,"column":12},"end":{"line":89,"column":1}},"29":{"start":{"line":54,"column":46},"end":{"line":54,"column":112}},"30":{"start":{"line":54,"column":67},"end":{"line":54,"column":111}},"31":{"start":{"line":55,"column":33},"end":{"line":58,"column":3}},"32":{"start":{"line":56,"column":4},"end":{"line":56,"column":53}},"33":{"start":{"line":57,"column":4},"end":{"line":57,"column":29}},"34":{"start":{"line":59,"column":2},"end":{"line":88,"column":4}},"35":{"start":{"line":91,"column":0},"end":{"line":91,"column":19}}},"fnMap":{"0":{"name":"RequireAuth","decl":{"start":{"line":25,"column":9},"end":{"line":25,"column":20}},"loc":{"start":{"line":25,"column":60},"end":{"line":31,"column":1}}},"1":{"name":"(anonymous_8)","decl":{"start":{"line":33,"column":15},"end":{"line":33,"column":18}},"loc":{"start":{"line":33,"column":20},"end":{"line":51,"column":1}}},"2":{"name":"(anonymous_9)","decl":{"start":{"line":53,"column":12},"end":{"line":53,"column":15}},"loc":{"start":{"line":53,"column":17},"end":{"line":89,"column":1}}},"3":{"name":"(anonymous_10)","decl":{"start":{"line":54,"column":61},"end":{"line":54,"column":64}},"loc":{"start":{"line":54,"column":67},"end":{"line":54,"column":111}}},"4":{"name":"(anonymous_11)","decl":{"start":{"line":55,"column":33},"end":{"line":55,"column":36}},"loc":{"start":{"line":55,"column":38},"end":{"line":58,"column":3}}}},"branchMap":{"0":{"loc":{"start":{"line":27,"column":2},"end":{"line":29,"column":3}},"type":"if","locations":[{"start":{"line":27,"column":2},"end":{"line":29,"column":3}},{"start":{},"end":{}}]},"1":{"loc":{"start":{"line":38,"column":7},"end":{"line":38,"column":86}},"type":"binary-expr","locations":[{"start":{"line":38,"column":7},"end":{"line":38,"column":22}},{"start":{"line":38,"column":26},"end":{"line":38,"column":86}}]},"2":{"loc":{"start":{"line":39,"column":7},"end":{"line":39,"column":84}},"type":"binary-expr","locations":[{"start":{"line":39,"column":7},"end":{"line":39,"column":22}},{"start":{"line":39,"column":26},"end":{"line":39,"column":84}}]},"3":{"loc":{"start":{"line":40,"column":7},"end":{"line":40,"column":78}},"type":"binary-expr","locations":[{"start":{"line":40,"column":7},"end":{"line":40,"column":22}},{"start":{"line":40,"column":26},"end":{"line":40,"column":78}}]},"4":{"loc":{"start":{"line":41,"column":7},"end":{"line":42,"column":null}},"type":"binary-expr","locations":[{"start":{"line":41,"column":7},"end":{"line":41,"column":22}},{"start":{"line":41,"column":27},"end":{"line":41,"column":43}},{"start":{"line":41,"column":47},"end":{"line":41,"column":63}},{"start":{"line":42,"column":8},"end":{"line":42,"column":66}}]},"5":{"loc":{"start":{"line":44,"column":7},"end":{"line":45,"column":null}},"type":"binary-expr","locations":[{"start":{"line":44,"column":7},"end":{"line":44,"column":22}},{"start":{"line":44,"column":26},"end":{"line":44,"column":42}},{"start":{"line":45,"column":8},"end":{"line":45,"column":66}}]},"6":{"loc":{"start":{"line":47,"column":7},"end":{"line":47,"column":86}},"type":"binary-expr","locations":[{"start":{"line":47,"column":7},"end":{"line":47,"column":22}},{"start":{"line":47,"column":26},"end":{"line":47,"column":86}}]},"7":{"loc":{"start":{"line":48,"column":7},"end":{"line":48,"column":72}},"type":"binary-expr","locations":[{"start":{"line":48,"column":7},"end":{"line":48,"column":22}},{"start":{"line":48,"column":26},"end":{"line":48,"column":72}}]},"8":{"loc":{"start":{"line":67,"column":13},"end":{"line":67,"column":79}},"type":"binary-expr","locations":[{"start":{"line":67,"column":13},"end":{"line":67,"column":27}},{"start":{"line":67,"column":31},"end":{"line":67,"column":79}}]}},"s":{"0":1,"1":1,"2":1,"3":1,"4":1,"5":1,"6":1,"7":1,"8":1,"9":1,"10":1,"11":1,"12":1,"13":1,"14":1,"15":1,"16":1,"17":1,"18":1,"19":1,"20":1,"21":1,"22":1,"23":1,"24":0,"25":1,"26":2,"27":2,"28":1,"29":2,"30":2,"31":2,"32":0,"33":0,"34":2,"35":1},"f":{"0":1,"1":2,"2":2,"3":2,"4":0},"b":{"0":[1,0],"1":[2,0],"2":[2,0],"3":[2,0],"4":[2,0,0,0],"5":[2,0,0],"6":[2,0],"7":[2,0],"8":[2,2]}}
,"C:\\Users\\Surya\\OneDrive\\Desktop\\virtual-bus-services-main\\fitforge-buddy-main\\src\\components\\DashboardHeader.tsx": {"path":"C:\\Users\\Surya\\OneDrive\\Desktop\\virtual-bus-services-main\\fitforge-buddy-main\\src\\components\\DashboardHeader.tsx","statementMap":{"0":{"start":{"line":1,"column":0},"end":{"line":1,"column":44}},"1":{"start":{"line":2,"column":0},"end":{"line":2,"column":40}},"2":{"start":{"line":3,"column":0},"end":{"line":3,"column":65}},"3":{"start":{"line":4,"column":0},"end":{"line":4,"column":38}},"4":{"start":{"line":5,"column":0},"end":{"line":5,"column":47}},"5":{"start":{"line":11,"column":31},"end":{"line":78,"column":1}},"6":{"start":{"line":12,"column":16},"end":{"line":16,"column":4}},"7":{"start":{"line":18,"column":21},"end":{"line":18,"column":30}},"8":{"start":{"line":19,"column":19},"end":{"line":19,"column":32}},"9":{"start":{"line":21,"column":2},"end":{"line":77,"column":4}},"10":{"start":{"line":11,"column":13},"end":{"line":11,"column":31}}},"fnMap":{"0":{"name":"(anonymous_1)","decl":{"start":{"line":11,"column":31},"end":{"line":11,"column":32}},"loc":{"start":{"line":11,"column":82},"end":{"line":78,"column":1}}}},"branchMap":{"0":{"loc":{"start":{"line":11,"column":34},"end":{"line":11,"column":54}},"type":"default-arg","locations":[{"start":{"line":11,"column":45},"end":{"line":11,"column":54}}]}},"s":{"0":1,"1":1,"2":1,"3":1,"4":1,"5":1,"6":0,"7":0,"8":0,"9":0,"10":1},"f":{"0":0},"b":{"0":[0]}}
,"C:\\Users\\Surya\\OneDrive\\Desktop\\virtual-bus-services-main\\fitforge-buddy-main\\src\\components\\FeedbackWidget.tsx": {"path":"C:\\Users\\Surya\\OneDrive\\Desktop\\virtual-bus-services-main\\fitforge-buddy-main\\src\\components\\FeedbackWidget.tsx","statementMap":{"0":{"start":{"line":1,"column":0},"end":{"line":1,"column":40}},"1":{"start":{"line":3,"column":33},"end":{"line":56,"column":1}},"2":{"start":{"line":4,"column":26},"end":{"line":4,"column":41}},"3":{"start":{"line":5,"column":34},"end":{"line":5,"column":46}},"4":{"start":{"line":6,"column":26},"end":{"line":6,"column":41}},"5":{"start":{"line":8,"column":25},"end":{"line":20,"column":4}},"6":{"start":{"line":8,"column":36},"end":{"line":20,"column":4}},"7":{"start":{"line":9,"column":4},"end":{"line":13,"column":7}},"8":{"start":{"line":14,"column":4},"end":{"line":14,"column":18}},"9":{"start":{"line":15,"column":4},"end":{"line":19,"column":13}},"10":{"start":{"line":16,"column":6},"end":{"line":16,"column":21}},"11":{"start":{"line":17,"column":6},"end":{"line":17,"column":21}},"12":{"start":{"line":18,"column":6},"end":{"line":18,"column":22}},"13":{"start":{"line":22,"column":2},"end":{"line":55,"column":4}},"14":{"start":{"line":26,"column":23},"end":{"line":26,"column":36}},"15":{"start":{"line":34,"column":78},"end":{"line":34,"column":92}},"16":{"start":{"line":38,"column":29},"end":{"line":38,"column":56}},"17":{"start":{"line":58,"column":0},"end":{"line":58,"column":30}}},"fnMap":{"0":{"name":"(anonymous_7)","decl":{"start":{"line":3,"column":33},"end":{"line":3,"column":36}},"loc":{"start":{"line":3,"column":38},"end":{"line":56,"column":1}}},"1":{"name":"(anonymous_8)","decl":{"start":{"line":8,"column":25},"end":{"line":8,"column":34}},"loc":{"start":{"line":8,"column":36},"end":{"line":20,"column":4}}},"2":{"name":"(anonymous_9)","decl":{"start":{"line":8,"column":36},"end":{"line":8,"column":null}},"loc":{"start":{"line":8,"column":36},"end":{"line":20,"column":3}}},"3":{"name":"(anonymous_10)","decl":{"start":{"line":15,"column":15},"end":{"line":15,"column":18}},"loc":{"start":{"line":15,"column":20},"end":{"line":19,"column":5}}},"4":{"name":"(anonymous_11)","decl":{"start":{"line":26,"column":17},"end":{"line":26,"column":20}},"loc":{"start":{"line":26,"column":23},"end":{"line":26,"column":36}}},"5":{"name":"(anonymous_12)","decl":{"start":{"line":34,"column":72},"end":{"line":34,"column":75}},"loc":{"start":{"line":34,"column":78},"end":{"line":34,"column":92}}},"6":{"name":"(anonymous_13)","decl":{"start":{"line":38,"column":24},"end":{"line":38,"column":25}},"loc":{"start":{"line":38,"column":29},"end":{"line":38,"column":56}}}},"branchMap":{"0":{"loc":{"start":{"line":31,"column":7},"end":{"line":52,"column":null}},"type":"binary-expr","locations":[{"start":{"line":31,"column":7},"end":{"line":31,"column":11}},{"start":{"line":32,"column":8},"end":{"line":51,"column":null}}]},"1":{"loc":{"start":{"line":50,"column":13},"end":{"line":50,"column":98}},"type":"binary-expr","locations":[{"start":{"line":50,"column":13},"end":{"line":50,"column":17}},{"start":{"line":50,"column":21},"end":{"line":50,"column":98}}]}},"s":{"0":1,"1":1,"2":2,"3":2,"4":2,"5":2,"6":0,"7":0,"8":0,"9":0,"10":0,"11":0,"12":0,"13":2,"14":0,"15":0,"16":0,"17":1},"f":{"0":2,"1":0,"2":0,"3":0,"4":0,"5":0,"6":0},"b":{"0":[2,0],"1":[0,0]}}
,"C:\\Users\\Surya\\OneDrive\\Desktop\\virtual-bus-services-main\\fitforge-buddy-main\\src\\components\\Onboarding.tsx": {"path":"C:\\Users\\Surya\\OneDrive\\Desktop\\virtual-bus-services-main\\fitforge-buddy-main\\src\\components\\Onboarding.tsx","statementMap":{"0":{"start":{"line":1,"column":0},"end":{"line":1,"column":40}},"1":{"start":{"line":3,"column":14},"end":{"line":24,"column":2}},"2":{"start":{"line":26,"column":55},"end":{"line":44,"column":1}},"3":{"start":{"line":27,"column":26},"end":{"line":27,"column":37}},"4":{"start":{"line":29,"column":2},"end":{"line":43,"column":4}},"5":{"start":{"line":36,"column":129},"end":{"line":36,"column":148}},"6":{"start":{"line":36,"column":142},"end":{"line":36,"column":147}},"7":{"start":{"line":46,"column":0},"end":{"line":46,"column":26}}},"fnMap":{"0":{"name":"(anonymous_0)","decl":{"start":{"line":26,"column":55},"end":{"line":26,"column":56}},"loc":{"start":{"line":26,"column":72},"end":{"line":44,"column":1}}},"1":{"name":"(anonymous_1)","decl":{"start":{"line":36,"column":123},"end":{"line":36,"column":126}},"loc":{"start":{"line":36,"column":129},"end":{"line":36,"column":148}}},"2":{"name":"(anonymous_2)","decl":{"start":{"line":36,"column":137},"end":{"line":36,"column":138}},"loc":{"start":{"line":36,"column":142},"end":{"line":36,"column":147}}}},"branchMap":{"0":{"loc":{"start":{"line":35,"column":11},"end":{"line":38,"column":null}},"type":"cond-expr","locations":[{"start":{"line":36,"column":12},"end":{"line":36,"column":163}},{"start":{"line":38,"column":12},"end":{"line":38,"column":148}}]}},"s":{"0":1,"1":1,"2":1,"3":2,"4":2,"5":0,"6":0,"7":1},"f":{"0":2,"1":0,"2":0},"b":{"0":[2,0]}}
,"C:\\Users\\Surya\\OneDrive\\Desktop\\virtual-bus-services-main\\fitforge-buddy-main\\src\\components\\ProgressChart.tsx": {"path":"C:\\Users\\Surya\\OneDrive\\Desktop\\virtual-bus-services-main\\fitforge-buddy-main\\src\\components\\ProgressChart.tsx","statementMap":{"0":{"start":{"line":1,"column":0},"end":{"line":1,"column":40}},"1":{"start":{"line":2,"column":0},"end":{"line":2,"column":46}},"2":{"start":{"line":3,"column":0},"end":{"line":3,"column":59}},"3":{"start":{"line":4,"column":0},"end":{"line":4,"column":38}},"4":{"start":{"line":5,"column":0},"end":{"line":5,"column":52}},"5":{"start":{"line":6,"column":0},"end":{"line":6,"column":36}},"6":{"start":{"line":7,"column":0},"end":{"line":7,"column":44}},"7":{"start":{"line":8,"column":0},"end":{"line":8,"column":45}},"8":{"start":{"line":9,"column":0},"end":{"line":9,"column":46}},"9":{"start":{"line":10,"column":0},"end":{"line":10,"column":49}},"10":{"start":{"line":11,"column":0},"end":{"line":11,"column":37}},"11":{"start":{"line":13,"column":29},"end":{"line":399,"column":1}},"12":{"start":{"line":14,"column":20},"end":{"line":14,"column":29}},"13":{"start":{"line":15,"column":37},"end":{"line":25,"column":4}},"14":{"start":{"line":17,"column":24},"end":{"line":23,"column":null}},"15":{"start":{"line":18,"column":18},"end":{"line":20,"column":8}},"16":{"start":{"line":21,"column":6},"end":{"line":21,"column":62}},"17":{"start":{"line":21,"column":19},"end":{"line":21,"column":62}},"18":{"start":{"line":22,"column":6},"end":{"line":22,"column":56}},"19":{"start":{"line":26,"column":19},"end":{"line":26,"column":39}},"20":{"start":{"line":27,"column":20},"end":{"line":27,"column":30}},"21":{"start":{"line":30,"column":21},"end":{"line":30,"column":70}},"22":{"start":{"line":31,"column":16},"end":{"line":31,"column":26}},"23":{"start":{"line":32,"column":22},"end":{"line":32,"column":37}},"24":{"start":{"line":33,"column":2},"end":{"line":33,"column":56}},"25":{"start":{"line":35,"column":19},"end":{"line":61,"column":4}},"26":{"start":{"line":36,"column":17},"end":{"line":36,"column":38}},"27":{"start":{"line":37,"column":4},"end":{"line":37,"column":44}},"28":{"start":{"line":38,"column":20},"end":{"line":38,"column":51}},"29":{"start":{"line":40,"column":24},"end":{"line":43,"column":6}},"30":{"start":{"line":41,"column":20},"end":{"line":41,"column":41}},"31":{"start":{"line":42,"column":6},"end":{"line":42,"column":48}},"32":{"start":{"line":44,"column":22},"end":{"line":51,"column":9}},"33":{"start":{"line":45,"column":6},"end":{"line":49,"column":7}},"34":{"start":{"line":46,"column":8},"end":{"line":46,"column":93}},"35":{"start":{"line":46,"column":62},"end":{"line":46,"column":90}},"36":{"start":{"line":47,"column":13},"end":{"line":49,"column":7}},"37":{"start":{"line":48,"column":8},"end":{"line":48,"column":44}},"38":{"start":{"line":50,"column":6},"end":{"line":50,"column":17}},"39":{"start":{"line":52,"column":22},"end":{"line":59,"column":9}},"40":{"start":{"line":53,"column":6},"end":{"line":57,"column":7}},"41":{"start":{"line":54,"column":8},"end":{"line":54,"column":110}},"42":{"start":{"line":54,"column":63},"end":{"line":54,"column":108}},"43":{"start":{"line":54,"column":90},"end":{"line":54,"column":100}},"44":{"start":{"line":55,"column":13},"end":{"line":57,"column":7}},"45":{"start":{"line":56,"column":8},"end":{"line":56,"column":79}},"46":{"start":{"line":56,"column":66},"end":{"line":56,"column":76}},"47":{"start":{"line":58,"column":6},"end":{"line":58,"column":17}},"48":{"start":{"line":60,"column":4},"end":{"line":60,"column":61}},"49":{"start":{"line":63,"column":20},"end":{"line":63,"column":63}},"50":{"start":{"line":63,"column":50},"end":{"line":63,"column":58}},"51":{"start":{"line":64,"column":18},"end":{"line":64,"column":59}},"52":{"start":{"line":64,"column":48},"end":{"line":64,"column":54}},"53":{"start":{"line":65,"column":24},"end":{"line":65,"column":39}},"54":{"start":{"line":66,"column":23},"end":{"line":72,"column":7}},"55":{"start":{"line":67,"column":4},"end":{"line":71,"column":12}},"56":{"start":{"line":68,"column":39},"end":{"line":68,"column":84}},"57":{"start":{"line":68,"column":66},"end":{"line":68,"column":76}},"58":{"start":{"line":70,"column":44},"end":{"line":70,"column":54}},"59":{"start":{"line":73,"column":23},"end":{"line":80,"column":7}},"60":{"start":{"line":74,"column":4},"end":{"line":78,"column":5}},"61":{"start":{"line":75,"column":6},"end":{"line":75,"column":91}},"62":{"start":{"line":75,"column":60},"end":{"line":75,"column":88}},"63":{"start":{"line":76,"column":11},"end":{"line":78,"column":5}},"64":{"start":{"line":77,"column":6},"end":{"line":77,"column":42}},"65":{"start":{"line":79,"column":4},"end":{"line":79,"column":15}},"66":{"start":{"line":83,"column":14},"end":{"line":83,"column":24}},"67":{"start":{"line":84,"column":23},"end":{"line":84,"column":69}},"68":{"start":{"line":85,"column":23},"end":{"line":88,"column":4}},"69":{"start":{"line":86,"column":14},"end":{"line":86,"column":45}},"70":{"start":{"line":87,"column":4},"end":{"line":87,"column":40}},"71":{"start":{"line":89,"column":24},"end":{"line":92,"column":4}},"72":{"start":{"line":90,"column":14},"end":{"line":90,"column":45}},"73":{"start":{"line":91,"column":4},"end":{"line":91,"column":41}},"74":{"start":{"line":94,"column":20},"end":{"line":94,"column":21}},"75":{"start":{"line":94,"column":35},"end":{"line":94,"column":36}},"76":{"start":{"line":94,"column":52},"end":{"line":94,"column":53}},"77":{"start":{"line":94,"column":66},"end":{"line":94,"column":67}},"78":{"start":{"line":95,"column":4},"end":{"line":107,"column":7}},"79":{"start":{"line":96,"column":24},"end":{"line":98,"column":40}},"80":{"start":{"line":99,"column":6},"end":{"line":106,"column":9}},"81":{"start":{"line":100,"column":8},"end":{"line":105,"column":11}},"82":{"start":{"line":101,"column":10},"end":{"line":101,"column":22}},"83":{"start":{"line":102,"column":10},"end":{"line":102,"column":32}},"84":{"start":{"line":103,"column":10},"end":{"line":103,"column":36}},"85":{"start":{"line":104,"column":10},"end":{"line":104,"column":21}},"86":{"start":{"line":108,"column":4},"end":{"line":112,"column":6}},"87":{"start":{"line":114,"column":18},"end":{"line":114,"column":44}},"88":{"start":{"line":115,"column":19},"end":{"line":115,"column":46}},"89":{"start":{"line":118,"column":48},"end":{"line":118,"column":50}},"90":{"start":{"line":119,"column":2},"end":{"line":130,"column":5}},"91":{"start":{"line":120,"column":22},"end":{"line":122,"column":38}},"92":{"start":{"line":123,"column":4},"end":{"line":129,"column":7}},"93":{"start":{"line":124,"column":6},"end":{"line":124,"column":27}},"94":{"start":{"line":124,"column":20},"end":{"line":124,"column":27}},"95":{"start":{"line":125,"column":27},"end":{"line":125,"column":113}},"96":{"start":{"line":125,"column":97},"end":{"line":125,"column":107}},"97":{"start":{"line":126,"column":6},"end":{"line":128,"column":7}},"98":{"start":{"line":127,"column":8},"end":{"line":127,"column":46}},"99":{"start":{"line":132,"column":20},"end":{"line":147,"column":3}},"100":{"start":{"line":133,"column":14},"end":{"line":133,"column":57}},"101":{"start":{"line":134,"column":4},"end":{"line":144,"column":7}},"102":{"start":{"line":135,"column":19},"end":{"line":135,"column":46}},"103":{"start":{"line":136,"column":24},"end":{"line":138,"column":40}},"104":{"start":{"line":139,"column":6},"end":{"line":143,"column":9}},"105":{"start":{"line":140,"column":8},"end":{"line":142,"column":11}},"106":{"start":{"line":141,"column":10},"end":{"line":141,"column":109}},"107":{"start":{"line":145,"column":17},"end":{"line":145,"column":69}},"108":{"start":{"line":146,"column":4},"end":{"line":146,"column":33}},"109":{"start":{"line":150,"column":23},"end":{"line":150,"column":140}},"110":{"start":{"line":150,"column":60},"end":{"line":150,"column":102}},"111":{"start":{"line":150,"column":121},"end":{"line":150,"column":139}},"112":{"start":{"line":151,"column":15},"end":{"line":151,"column":16}},"113":{"start":{"line":152,"column":10},"end":{"line":152,"column":20}},"114":{"start":{"line":153,"column":2},"end":{"line":161,"column":3}},"115":{"start":{"line":153,"column":15},"end":{"line":153,"column":16}},"116":{"start":{"line":154,"column":20},"end":{"line":154,"column":48}},"117":{"start":{"line":155,"column":4},"end":{"line":160,"column":5}},"118":{"start":{"line":156,"column":6},"end":{"line":156,"column":15}},"119":{"start":{"line":157,"column":6},"end":{"line":157,"column":33}},"120":{"start":{"line":159,"column":6},"end":{"line":159,"column":12}},"121":{"start":{"line":164,"column":22},"end":{"line":164,"column":24}},"122":{"start":{"line":165,"column":17},"end":{"line":169,"column":4}},"123":{"start":{"line":166,"column":14},"end":{"line":166,"column":29}},"124":{"start":{"line":167,"column":4},"end":{"line":167,"column":35}},"125":{"start":{"line":168,"column":4},"end":{"line":168,"column":40}},"126":{"start":{"line":170,"column":26},"end":{"line":170,"column":89}},"127":{"start":{"line":170,"column":51},"end":{"line":170,"column":81}},"128":{"start":{"line":171,"column":22},"end":{"line":171,"column":71}},"129":{"start":{"line":174,"column":19},"end":{"line":174,"column":20}},"130":{"start":{"line":174,"column":35},"end":{"line":174,"column":36}},"131":{"start":{"line":175,"column":17},"end":{"line":175,"column":21}},"132":{"start":{"line":176,"column":25},"end":{"line":176,"column":142}},"133":{"start":{"line":176,"column":62},"end":{"line":176,"column":104}},"134":{"start":{"line":176,"column":123},"end":{"line":176,"column":141}},"135":{"start":{"line":177,"column":2},"end":{"line":191,"column":3}},"136":{"start":{"line":177,"column":15},"end":{"line":177,"column":16}},"137":{"start":{"line":178,"column":14},"end":{"line":178,"column":51}},"138":{"start":{"line":179,"column":4},"end":{"line":188,"column":5}},"139":{"start":{"line":180,"column":19},"end":{"line":180,"column":77}},"140":{"start":{"line":181,"column":6},"end":{"line":185,"column":7}},"141":{"start":{"line":182,"column":8},"end":{"line":182,"column":21}},"142":{"start":{"line":184,"column":8},"end":{"line":184,"column":23}},"143":{"start":{"line":187,"column":6},"end":{"line":187,"column":21}},"144":{"start":{"line":189,"column":4},"end":{"line":189,"column":57}},"145":{"start":{"line":189,"column":33},"end":{"line":189,"column":57}},"146":{"start":{"line":190,"column":4},"end":{"line":190,"column":17}},"147":{"start":{"line":194,"column":22},"end":{"line":194,"column":24}},"148":{"start":{"line":195,"column":23},"end":{"line":195,"column":33}},"149":{"start":{"line":196,"column":23},"end":{"line":200,"column":4}},"150":{"start":{"line":197,"column":14},"end":{"line":197,"column":36}},"151":{"start":{"line":198,"column":4},"end":{"line":198,"column":62}},"152":{"start":{"line":199,"column":4},"end":{"line":199,"column":13}},"153":{"start":{"line":201,"column":25},"end":{"line":201,"column":95}},"154":{"start":{"line":201,"column":51},"end":{"line":201,"column":93}},"155":{"start":{"line":204,"column":49},"end":{"line":204,"column":51}},"156":{"start":{"line":205,"column":2},"end":{"line":213,"column":5}},"157":{"start":{"line":206,"column":20},"end":{"line":206,"column":62}},"158":{"start":{"line":207,"column":4},"end":{"line":207,"column":25}},"159":{"start":{"line":207,"column":18},"end":{"line":207,"column":25}},"160":{"start":{"line":208,"column":22},"end":{"line":210,"column":38}},"161":{"start":{"line":211,"column":21},"end":{"line":211,"column":96}},"162":{"start":{"line":211,"column":64},"end":{"line":211,"column":94}},"163":{"start":{"line":212,"column":4},"end":{"line":212,"column":142}},"164":{"start":{"line":215,"column":21},"end":{"line":215,"column":49}},"165":{"start":{"line":216,"column":26},"end":{"line":223,"column":4}},"166":{"start":{"line":216,"column":37},"end":{"line":223,"column":4}},"167":{"start":{"line":217,"column":4},"end":{"line":217,"column":36}},"168":{"start":{"line":217,"column":29},"end":{"line":217,"column":36}},"169":{"start":{"line":218,"column":20},"end":{"line":218,"column":63}},"170":{"start":{"line":219,"column":17},"end":{"line":219,"column":44}},"171":{"start":{"line":220,"column":4},"end":{"line":220,"column":24}},"172":{"start":{"line":221,"column":4},"end":{"line":221,"column":42}},"173":{"start":{"line":222,"column":4},"end":{"line":222,"column":17}},"174":{"start":{"line":225,"column":24},"end":{"line":243,"column":4}},"175":{"start":{"line":225,"column":35},"end":{"line":243,"column":4}},"176":{"start":{"line":226,"column":4},"end":{"line":242,"column":5}},"177":{"start":{"line":227,"column":22},"end":{"line":227,"column":65}},"178":{"start":{"line":228,"column":6},"end":{"line":237,"column":11}},"179":{"start":{"line":229,"column":21},"end":{"line":229,"column":31}},"180":{"start":{"line":231,"column":23},"end":{"line":231,"column":85}},"181":{"start":{"line":232,"column":10},"end":{"line":236,"column":13}},"182":{"start":{"line":239,"column":23},"end":{"line":239,"column":62}},"183":{"start":{"line":240,"column":6},"end":{"line":240,"column":52}},"184":{"start":{"line":241,"column":6},"end":{"line":241,"column":109}},"185":{"start":{"line":245,"column":2},"end":{"line":245,"column":177}},"186":{"start":{"line":245,"column":17},"end":{"line":245,"column":177}},"187":{"start":{"line":246,"column":2},"end":{"line":246,"column":89}},"188":{"start":{"line":246,"column":13},"end":{"line":246,"column":89}},"189":{"start":{"line":248,"column":2},"end":{"line":398,"column":4}},"190":{"start":{"line":270,"column":14},"end":{"line":270,"column":31}},"191":{"start":{"line":350,"column":18},"end":{"line":350,"column":37}},"192":{"start":{"line":352,"column":37},"end":{"line":352,"column":57}},"193":{"start":{"line":353,"column":22},"end":{"line":353,"column":97}},"194":{"start":{"line":353,"column":49},"end":{"line":353,"column":97}},"195":{"start":{"line":354,"column":35},"end":{"line":354,"column":55}},"196":{"start":{"line":355,"column":38},"end":{"line":355,"column":69}},"197":{"start":{"line":356,"column":41},"end":{"line":356,"column":68}},"198":{"start":{"line":357,"column":22},"end":{"line":367,"column":24}},"199":{"start":{"line":389,"column":16},"end":{"line":389,"column":31}},"200":{"start":{"line":13,"column":13},"end":{"line":13,"column":29}}},"fnMap":{"0":{"name":"(anonymous_14)","decl":{"start":{"line":13,"column":29},"end":{"line":13,"column":32}},"loc":{"start":{"line":13,"column":34},"end":{"line":399,"column":1}}},"1":{"name":"(anonymous_15)","decl":{"start":{"line":17,"column":13},"end":{"line":17,"column":22}},"loc":{"start":{"line":17,"column":24},"end":{"line":23,"column":null}}},"2":{"name":"(anonymous_16)","decl":{"start":{"line":17,"column":24},"end":{"line":17,"column":null}},"loc":{"start":{"line":17,"column":24},"end":{"line":23,"column":5}}},"3":{"name":"(anonymous_17)","decl":{"start":{"line":35,"column":34},"end":{"line":35,"column":35}},"loc":{"start":{"line":35,"column":45},"end":{"line":61,"column":3}}},"4":{"name":"(anonymous_18)","decl":{"start":{"line":40,"column":40},"end":{"line":40,"column":41}},"loc":{"start":{"line":40,"column":44},"end":{"line":43,"column":5}}},"5":{"name":"(anonymous_19)","decl":{"start":{"line":44,"column":41},"end":{"line":44,"column":42}},"loc":{"start":{"line":44,"column":52},"end":{"line":51,"column":5}}},"6":{"name":"(anonymous_20)","decl":{"start":{"line":46,"column":38},"end":{"line":46,"column":39}},"loc":{"start":{"line":46,"column":61},"end":{"line":46,"column":90}}},"7":{"name":"(anonymous_21)","decl":{"start":{"line":52,"column":41},"end":{"line":52,"column":42}},"loc":{"start":{"line":52,"column":52},"end":{"line":59,"column":5}}},"8":{"name":"(anonymous_22)","decl":{"start":{"line":54,"column":50},"end":{"line":54,"column":51}},"loc":{"start":{"line":54,"column":62},"end":{"line":54,"column":108}}},"9":{"name":"(anonymous_23)","decl":{"start":{"line":54,"column":76},"end":{"line":54,"column":77}},"loc":{"start":{"line":54,"column":90},"end":{"line":54,"column":100}}},"10":{"name":"(anonymous_24)","decl":{"start":{"line":56,"column":52},"end":{"line":56,"column":53}},"loc":{"start":{"line":56,"column":66},"end":{"line":56,"column":76}}},"11":{"name":"(anonymous_25)","decl":{"start":{"line":63,"column":45},"end":{"line":63,"column":46}},"loc":{"start":{"line":63,"column":50},"end":{"line":63,"column":58}}},"12":{"name":"(anonymous_26)","decl":{"start":{"line":64,"column":43},"end":{"line":64,"column":44}},"loc":{"start":{"line":64,"column":48},"end":{"line":64,"column":54}}},"13":{"name":"(anonymous_27)","decl":{"start":{"line":66,"column":52},"end":{"line":66,"column":53}},"loc":{"start":{"line":67,"column":4},"end":{"line":71,"column":12}}},"14":{"name":"(anonymous_28)","decl":{"start":{"line":68,"column":26},"end":{"line":68,"column":27}},"loc":{"start":{"line":68,"column":38},"end":{"line":68,"column":84}}},"15":{"name":"(anonymous_29)","decl":{"start":{"line":68,"column":52},"end":{"line":68,"column":53}},"loc":{"start":{"line":68,"column":66},"end":{"line":68,"column":76}}},"16":{"name":"(anonymous_30)","decl":{"start":{"line":70,"column":30},"end":{"line":70,"column":31}},"loc":{"start":{"line":70,"column":44},"end":{"line":70,"column":54}}},"17":{"name":"(anonymous_31)","decl":{"start":{"line":73,"column":39},"end":{"line":73,"column":40}},"loc":{"start":{"line":73,"column":50},"end":{"line":80,"column":3}}},"18":{"name":"(anonymous_32)","decl":{"start":{"line":75,"column":36},"end":{"line":75,"column":37}},"loc":{"start":{"line":75,"column":59},"end":{"line":75,"column":88}}},"19":{"name":"(anonymous_33)","decl":{"start":{"line":85,"column":39},"end":{"line":85,"column":40}},"loc":{"start":{"line":85,"column":43},"end":{"line":88,"column":3}}},"20":{"name":"(anonymous_34)","decl":{"start":{"line":89,"column":40},"end":{"line":89,"column":41}},"loc":{"start":{"line":89,"column":44},"end":{"line":92,"column":3}}},"21":{"name":"calcAverages","decl":{"start":{"line":93,"column":11},"end":{"line":93,"column":23}},"loc":{"start":{"line":93,"column":33},"end":{"line":113,"column":3}}},"22":{"name":"(anonymous_36)","decl":{"start":{"line":95,"column":15},"end":{"line":95,"column":16}},"loc":{"start":{"line":95,"column":19},"end":{"line":107,"column":5}}},"23":{"name":"(anonymous_37)","decl":{"start":{"line":99,"column":24},"end":{"line":99,"column":25}},"loc":{"start":{"line":99,"column":36},"end":{"line":106,"column":7}}},"24":{"name":"(anonymous_38)","decl":{"start":{"line":100,"column":25},"end":{"line":100,"column":26}},"loc":{"start":{"line":100,"column":38},"end":{"line":105,"column":9}}},"25":{"name":"(anonymous_39)","decl":{"start":{"line":119,"column":19},"end":{"line":119,"column":20}},"loc":{"start":{"line":119,"column":23},"end":{"line":130,"column":3}}},"26":{"name":"(anonymous_40)","decl":{"start":{"line":123,"column":22},"end":{"line":123,"column":23}},"loc":{"start":{"line":123,"column":34},"end":{"line":129,"column":5}}},"27":{"name":"(anonymous_41)","decl":{"start":{"line":125,"column":83},"end":{"line":125,"column":84}},"loc":{"start":{"line":125,"column":97},"end":{"line":125,"column":107}}},"28":{"name":"(anonymous_42)","decl":{"start":{"line":132,"column":20},"end":{"line":132,"column":23}},"loc":{"start":{"line":132,"column":25},"end":{"line":147,"column":3}}},"29":{"name":"(anonymous_43)","decl":{"start":{"line":134,"column":21},"end":{"line":134,"column":22}},"loc":{"start":{"line":134,"column":25},"end":{"line":144,"column":5}}},"30":{"name":"(anonymous_44)","decl":{"start":{"line":139,"column":24},"end":{"line":139,"column":25}},"loc":{"start":{"line":139,"column":36},"end":{"line":143,"column":7}}},"31":{"name":"(anonymous_45)","decl":{"start":{"line":140,"column":25},"end":{"line":140,"column":26}},"loc":{"start":{"line":140,"column":51},"end":{"line":142,"column":9}}},"32":{"name":"(anonymous_46)","decl":{"start":{"line":150,"column":55},"end":{"line":150,"column":56}},"loc":{"start":{"line":150,"column":60},"end":{"line":150,"column":102}}},"33":{"name":"(anonymous_47)","decl":{"start":{"line":150,"column":111},"end":{"line":150,"column":112}},"loc":{"start":{"line":150,"column":121},"end":{"line":150,"column":139}}},"34":{"name":"(anonymous_48)","decl":{"start":{"line":165,"column":53},"end":{"line":165,"column":54}},"loc":{"start":{"line":165,"column":62},"end":{"line":169,"column":3}}},"35":{"name":"(anonymous_49)","decl":{"start":{"line":170,"column":40},"end":{"line":170,"column":47}},"loc":{"start":{"line":170,"column":51},"end":{"line":170,"column":81}}},"36":{"name":"(anonymous_50)","decl":{"start":{"line":176,"column":57},"end":{"line":176,"column":58}},"loc":{"start":{"line":176,"column":62},"end":{"line":176,"column":104}}},"37":{"name":"(anonymous_51)","decl":{"start":{"line":176,"column":113},"end":{"line":176,"column":114}},"loc":{"start":{"line":176,"column":123},"end":{"line":176,"column":141}}},"38":{"name":"(anonymous_52)","decl":{"start":{"line":196,"column":59},"end":{"line":196,"column":60}},"loc":{"start":{"line":196,"column":68},"end":{"line":200,"column":3}}},"39":{"name":"(anonymous_53)","decl":{"start":{"line":201,"column":46},"end":{"line":201,"column":47}},"loc":{"start":{"line":201,"column":51},"end":{"line":201,"column":93}}},"40":{"name":"(anonymous_54)","decl":{"start":{"line":205,"column":19},"end":{"line":205,"column":20}},"loc":{"start":{"line":205,"column":23},"end":{"line":213,"column":3}}},"41":{"name":"(anonymous_55)","decl":{"start":{"line":211,"column":38},"end":{"line":211,"column":39}},"loc":{"start":{"line":211,"column":63},"end":{"line":211,"column":94}}},"42":{"name":"(anonymous_56)","decl":{"start":{"line":216,"column":26},"end":{"line":216,"column":35}},"loc":{"start":{"line":216,"column":37},"end":{"line":223,"column":4}}},"43":{"name":"(anonymous_57)","decl":{"start":{"line":216,"column":37},"end":{"line":216,"column":null}},"loc":{"start":{"line":216,"column":37},"end":{"line":223,"column":3}}},"44":{"name":"(anonymous_58)","decl":{"start":{"line":225,"column":24},"end":{"line":225,"column":33}},"loc":{"start":{"line":225,"column":35},"end":{"line":243,"column":4}}},"45":{"name":"(anonymous_59)","decl":{"start":{"line":225,"column":35},"end":{"line":225,"column":null}},"loc":{"start":{"line":225,"column":35},"end":{"line":243,"column":3}}},"46":{"name":"(anonymous_60)","decl":{"start":{"line":229,"column":14},"end":{"line":229,"column":17}},"loc":{"start":{"line":229,"column":21},"end":{"line":229,"column":31}}},"47":{"name":"(anonymous_61)","decl":{"start":{"line":230,"column":14},"end":{"line":230,"column":18}},"loc":{"start":{"line":230,"column":21},"end":{"line":237,"column":9}}},"48":{"name":"(anonymous_62)","decl":{"start":{"line":269,"column":28},"end":{"line":269,"column":29}},"loc":{"start":{"line":270,"column":14},"end":{"line":270,"column":31}}},"49":{"name":"(anonymous_63)","decl":{"start":{"line":349,"column":48},"end":{"line":349,"column":49}},"loc":{"start":{"line":350,"column":18},"end":{"line":350,"column":37}}},"50":{"name":"(anonymous_64)","decl":{"start":{"line":351,"column":51},"end":{"line":351,"column":52}},"loc":{"start":{"line":351,"column":65},"end":{"line":368,"column":21}}},"51":{"name":"(anonymous_65)","decl":{"start":{"line":388,"column":49},"end":{"line":388,"column":50}},"loc":{"start":{"line":389,"column":16},"end":{"line":389,"column":31}}}},"branchMap":{"0":{"loc":{"start":{"line":21,"column":6},"end":{"line":21,"column":62}},"type":"if","locations":[{"start":{"line":21,"column":6},"end":{"line":21,"column":62}},{"start":{},"end":{}}]},"1":{"loc":{"start":{"line":26,"column":19},"end":{"line":26,"column":39}},"type":"binary-expr","locations":[{"start":{"line":26,"column":19},"end":{"line":26,"column":33}},{"start":{"line":26,"column":37},"end":{"line":26,"column":39}}]},"2":{"loc":{"start":{"line":26,"column":19},"end":{"line":26,"column":33}},"type":"cond-expr","locations":[{"start":{"line":26,"column":23},"end":{"line":26,"column":25}},{"start":{"line":26,"column":19},"end":{"line":26,"column":33}}]},"3":{"loc":{"start":{"line":26,"column":19},"end":{"line":26,"column":25}},"type":"binary-expr","locations":[{"start":{"line":26,"column":19},"end":{"line":26,"column":25}},{"start":{"line":26,"column":19},"end":{"line":26,"column":25}}]},"4":{"loc":{"start":{"line":41,"column":20},"end":{"line":41,"column":41}},"type":"binary-expr","locations":[{"start":{"line":41,"column":20},"end":{"line":41,"column":26}},{"start":{"line":41,"column":30},"end":{"line":41,"column":41}}]},"5":{"loc":{"start":{"line":42,"column":13},"end":{"line":42,"column":47}},"type":"binary-expr","locations":[{"start":{"line":42,"column":13},"end":{"line":42,"column":18}},{"start":{"line":42,"column":22},"end":{"line":42,"column":47}}]},"6":{"loc":{"start":{"line":45,"column":6},"end":{"line":49,"column":7}},"type":"if","locations":[{"start":{"line":45,"column":6},"end":{"line":49,"column":7}},{"start":{"line":47,"column":13},"end":{"line":49,"column":7}}]},"7":{"loc":{"start":{"line":45,"column":10},"end":{"line":45,"column":47}},"type":"binary-expr","locations":[{"start":{"line":45,"column":10},"end":{"line":45,"column":19}},{"start":{"line":45,"column":23},"end":{"line":45,"column":47}}]},"8":{"loc":{"start":{"line":46,"column":67},"end":{"line":46,"column":87}},"type":"binary-expr","locations":[{"start":{"line":46,"column":67},"end":{"line":46,"column":82}},{"start":{"line":46,"column":86},"end":{"line":46,"column":87}}]},"9":{"loc":{"start":{"line":46,"column":67},"end":{"line":46,"column":82}},"type":"cond-expr","locations":[{"start":{"line":46,"column":74},"end":{"line":46,"column":76}},{"start":{"line":46,"column":74},"end":{"line":46,"column":82}}]},"10":{"loc":{"start":{"line":46,"column":67},"end":{"line":46,"column":76}},"type":"binary-expr","locations":[{"start":{"line":46,"column":67},"end":{"line":46,"column":76}},{"start":{"line":46,"column":74},"end":{"line":46,"column":76}}]},"11":{"loc":{"start":{"line":47,"column":13},"end":{"line":49,"column":7}},"type":"if","locations":[{"start":{"line":47,"column":13},"end":{"line":49,"column":7}},{"start":{},"end":{}}]},"12":{"loc":{"start":{"line":47,"column":17},"end":{"line":47,"column":46}},"type":"binary-expr","locations":[{"start":{"line":47,"column":17},"end":{"line":47,"column":27}},{"start":{"line":47,"column":31},"end":{"line":47,"column":46}}]},"13":{"loc":{"start":{"line":53,"column":6},"end":{"line":57,"column":7}},"type":"if","locations":[{"start":{"line":53,"column":6},"end":{"line":57,"column":7}},{"start":{"line":55,"column":13},"end":{"line":57,"column":7}}]},"14":{"loc":{"start":{"line":53,"column":10},"end":{"line":53,"column":47}},"type":"binary-expr","locations":[{"start":{"line":53,"column":10},"end":{"line":53,"column":19}},{"start":{"line":53,"column":23},"end":{"line":53,"column":47}}]},"15":{"loc":{"start":{"line":54,"column":63},"end":{"line":54,"column":107}},"type":"binary-expr","locations":[{"start":{"line":54,"column":63},"end":{"line":54,"column":101}},{"start":{"line":54,"column":105},"end":{"line":54,"column":107}}]},"16":{"loc":{"start":{"line":54,"column":63},"end":{"line":54,"column":101}},"type":"cond-expr","locations":[{"start":{"line":54,"column":70},"end":{"line":54,"column":72}},{"start":{"line":54,"column":70},"end":{"line":54,"column":101}}]},"17":{"loc":{"start":{"line":54,"column":63},"end":{"line":54,"column":72}},"type":"binary-expr","locations":[{"start":{"line":54,"column":63},"end":{"line":54,"column":72}},{"start":{"line":54,"column":70},"end":{"line":54,"column":72}}]},"18":{"loc":{"start":{"line":55,"column":13},"end":{"line":57,"column":7}},"type":"if","locations":[{"start":{"line":55,"column":13},"end":{"line":57,"column":7}},{"start":{},"end":{}}]},"19":{"loc":{"start":{"line":55,"column":17},"end":{"line":55,"column":46}},"type":"binary-expr","locations":[{"start":{"line":55,"column":17},"end":{"line":55,"column":27}},{"start":{"line":55,"column":31},"end":{"line":55,"column":46}}]},"20":{"loc":{"start":{"line":67,"column":4},"end":{"line":71,"column":12}},"type":"cond-expr","locations":[{"start":{"line":68,"column":8},"end":{"line":68,"column":84}},{"start":{"line":69,"column":8},"end":{"line":71,"column":12}}]},"21":{"loc":{"start":{"line":67,"column":4},"end":{"line":67,"column":41}},"type":"binary-expr","locations":[{"start":{"line":67,"column":4},"end":{"line":67,"column":13}},{"start":{"line":67,"column":17},"end":{"line":67,"column":41}}]},"22":{"loc":{"start":{"line":68,"column":39},"end":{"line":68,"column":83}},"type":"binary-expr","locations":[{"start":{"line":68,"column":39},"end":{"line":68,"column":77}},{"start":{"line":68,"column":81},"end":{"line":68,"column":83}}]},"23":{"loc":{"start":{"line":68,"column":39},"end":{"line":68,"column":77}},"type":"cond-expr","locations":[{"start":{"line":68,"column":46},"end":{"line":68,"column":48}},{"start":{"line":68,"column":46},"end":{"line":68,"column":77}}]},"24":{"loc":{"start":{"line":68,"column":39},"end":{"line":68,"column":48}},"type":"binary-expr","locations":[{"start":{"line":68,"column":39},"end":{"line":68,"column":48}},{"start":{"line":68,"column":46},"end":{"line":68,"column":48}}]},"25":{"loc":{"start":{"line":69,"column":8},"end":{"line":71,"column":12}},"type":"cond-expr","locations":[{"start":{"line":70,"column":10},"end":{"line":70,"column":55}},{"start":{"line":71,"column":10},"end":{"line":71,"column":12}}]},"26":{"loc":{"start":{"line":69,"column":8},"end":{"line":69,"column":37}},"type":"binary-expr","locations":[{"start":{"line":69,"column":8},"end":{"line":69,"column":18}},{"start":{"line":69,"column":22},"end":{"line":69,"column":37}}]},"27":{"loc":{"start":{"line":74,"column":4},"end":{"line":78,"column":5}},"type":"if","locations":[{"start":{"line":74,"column":4},"end":{"line":78,"column":5}},{"start":{"line":76,"column":11},"end":{"line":78,"column":5}}]},"28":{"loc":{"start":{"line":74,"column":8},"end":{"line":74,"column":45}},"type":"binary-expr","locations":[{"start":{"line":74,"column":8},"end":{"line":74,"column":17}},{"start":{"line":74,"column":21},"end":{"line":74,"column":45}}]},"29":{"loc":{"start":{"line":75,"column":65},"end":{"line":75,"column":85}},"type":"binary-expr","locations":[{"start":{"line":75,"column":65},"end":{"line":75,"column":80}},{"start":{"line":75,"column":84},"end":{"line":75,"column":85}}]},"30":{"loc":{"start":{"line":75,"column":65},"end":{"line":75,"column":80}},"type":"cond-expr","locations":[{"start":{"line":75,"column":72},"end":{"line":75,"column":74}},{"start":{"line":75,"column":72},"end":{"line":75,"column":80}}]},"31":{"loc":{"start":{"line":75,"column":65},"end":{"line":75,"column":74}},"type":"binary-expr","locations":[{"start":{"line":75,"column":65},"end":{"line":75,"column":74}},{"start":{"line":75,"column":72},"end":{"line":75,"column":74}}]},"32":{"loc":{"start":{"line":76,"column":11},"end":{"line":78,"column":5}},"type":"if","locations":[{"start":{"line":76,"column":11},"end":{"line":78,"column":5}},{"start":{},"end":{}}]},"33":{"loc":{"start":{"line":76,"column":15},"end":{"line":76,"column":44}},"type":"binary-expr","locations":[{"start":{"line":76,"column":15},"end":{"line":76,"column":25}},{"start":{"line":76,"column":29},"end":{"line":76,"column":44}}]},"34":{"loc":{"start":{"line":86,"column":23},"end":{"line":86,"column":44}},"type":"binary-expr","locations":[{"start":{"line":86,"column":23},"end":{"line":86,"column":29}},{"start":{"line":86,"column":33},"end":{"line":86,"column":44}}]},"35":{"loc":{"start":{"line":87,"column":11},"end":{"line":87,"column":39}},"type":"binary-expr","locations":[{"start":{"line":87,"column":11},"end":{"line":87,"column":27}},{"start":{"line":87,"column":31},"end":{"line":87,"column":39}}]},"36":{"loc":{"start":{"line":90,"column":23},"end":{"line":90,"column":44}},"type":"binary-expr","locations":[{"start":{"line":90,"column":23},"end":{"line":90,"column":29}},{"start":{"line":90,"column":33},"end":{"line":90,"column":44}}]},"37":{"loc":{"start":{"line":91,"column":11},"end":{"line":91,"column":40}},"type":"binary-expr","locations":[{"start":{"line":91,"column":11},"end":{"line":91,"column":28}},{"start":{"line":91,"column":32},"end":{"line":91,"column":40}}]},"38":{"loc":{"start":{"line":96,"column":24},"end":{"line":98,"column":40}},"type":"cond-expr","locations":[{"start":{"line":97,"column":10},"end":{"line":97,"column":19}},{"start":{"line":98,"column":10},"end":{"line":98,"column":40}}]},"39":{"loc":{"start":{"line":96,"column":24},"end":{"line":96,"column":61}},"type":"binary-expr","locations":[{"start":{"line":96,"column":24},"end":{"line":96,"column":33}},{"start":{"line":96,"column":37},"end":{"line":96,"column":61}}]},"40":{"loc":{"start":{"line":98,"column":10},"end":{"line":98,"column":40}},"type":"cond-expr","locations":[{"start":{"line":98,"column":23},"end":{"line":98,"column":35}},{"start":{"line":98,"column":38},"end":{"line":98,"column":40}}]},"41":{"loc":{"start":{"line":100,"column":8},"end":{"line":105,"column":10}},"type":"cond-expr","locations":[{"start":{"line":100,"column":15},"end":{"line":100,"column":17}},{"start":{"line":100,"column":15},"end":{"line":105,"column":10}}]},"42":{"loc":{"start":{"line":100,"column":8},"end":{"line":100,"column":17}},"type":"binary-expr","locations":[{"start":{"line":100,"column":8},"end":{"line":100,"column":17}},{"start":{"line":100,"column":15},"end":{"line":100,"column":17}}]},"43":{"loc":{"start":{"line":109,"column":15},"end":{"line":109,"column":67}},"type":"cond-expr","locations":[{"start":{"line":109,"column":27},"end":{"line":109,"column":61}},{"start":{"line":109,"column":64},"end":{"line":109,"column":67}}]},"44":{"loc":{"start":{"line":110,"column":15},"end":{"line":110,"column":65}},"type":"cond-expr","locations":[{"start":{"line":110,"column":26},"end":{"line":110,"column":59}},{"start":{"line":110,"column":62},"end":{"line":110,"column":65}}]},"45":{"loc":{"start":{"line":111,"column":17},"end":{"line":111,"column":69}},"type":"cond-expr","locations":[{"start":{"line":111,"column":28},"end":{"line":111,"column":63}},{"start":{"line":111,"column":66},"end":{"line":111,"column":69}}]},"46":{"loc":{"start":{"line":120,"column":22},"end":{"line":122,"column":38}},"type":"cond-expr","locations":[{"start":{"line":121,"column":8},"end":{"line":121,"column":17}},{"start":{"line":122,"column":8},"end":{"line":122,"column":38}}]},"47":{"loc":{"start":{"line":120,"column":22},"end":{"line":120,"column":59}},"type":"binary-expr","locations":[{"start":{"line":120,"column":22},"end":{"line":120,"column":31}},{"start":{"line":120,"column":35},"end":{"line":120,"column":59}}]},"48":{"loc":{"start":{"line":122,"column":8},"end":{"line":122,"column":38}},"type":"cond-expr","locations":[{"start":{"line":122,"column":21},"end":{"line":122,"column":33}},{"start":{"line":122,"column":36},"end":{"line":122,"column":38}}]},"49":{"loc":{"start":{"line":124,"column":6},"end":{"line":124,"column":27}},"type":"if","locations":[{"start":{"line":124,"column":6},"end":{"line":124,"column":27}},{"start":{},"end":{}}]},"50":{"loc":{"start":{"line":125,"column":27},"end":{"line":125,"column":113}},"type":"cond-expr","locations":[{"start":{"line":125,"column":59},"end":{"line":125,"column":109}},{"start":{"line":125,"column":112},"end":{"line":125,"column":113}}]},"51":{"loc":{"start":{"line":125,"column":27},"end":{"line":125,"column":56}},"type":"binary-expr","locations":[{"start":{"line":125,"column":27},"end":{"line":125,"column":34}},{"start":{"line":125,"column":38},"end":{"line":125,"column":56}}]},"52":{"loc":{"start":{"line":126,"column":6},"end":{"line":128,"column":7}},"type":"if","locations":[{"start":{"line":126,"column":6},"end":{"line":128,"column":7}},{"start":{},"end":{}}]},"53":{"loc":{"start":{"line":126,"column":10},"end":{"line":126,"column":74}},"type":"binary-expr","locations":[{"start":{"line":126,"column":10},"end":{"line":126,"column":33}},{"start":{"line":126,"column":37},"end":{"line":126,"column":74}}]},"54":{"loc":{"start":{"line":135,"column":19},"end":{"line":135,"column":46}},"type":"binary-expr","locations":[{"start":{"line":135,"column":19},"end":{"line":135,"column":25}},{"start":{"line":135,"column":29},"end":{"line":135,"column":40}},{"start":{"line":135,"column":44},"end":{"line":135,"column":46}}]},"55":{"loc":{"start":{"line":136,"column":24},"end":{"line":138,"column":40}},"type":"cond-expr","locations":[{"start":{"line":137,"column":10},"end":{"line":137,"column":19}},{"start":{"line":138,"column":10},"end":{"line":138,"column":40}}]},"56":{"loc":{"start":{"line":136,"column":24},"end":{"line":136,"column":61}},"type":"binary-expr","locations":[{"start":{"line":136,"column":24},"end":{"line":136,"column":33}},{"start":{"line":136,"column":37},"end":{"line":136,"column":61}}]},"57":{"loc":{"start":{"line":138,"column":10},"end":{"line":138,"column":40}},"type":"cond-expr","locations":[{"start":{"line":138,"column":23},"end":{"line":138,"column":35}},{"start":{"line":138,"column":38},"end":{"line":138,"column":40}}]},"58":{"loc":{"start":{"line":140,"column":8},"end":{"line":142,"column":10}},"type":"cond-expr","locations":[{"start":{"line":140,"column":15},"end":{"line":140,"column":17}},{"start":{"line":140,"column":15},"end":{"line":142,"column":10}}]},"59":{"loc":{"start":{"line":140,"column":8},"end":{"line":140,"column":17}},"type":"binary-expr","locations":[{"start":{"line":140,"column":8},"end":{"line":140,"column":17}},{"start":{"line":140,"column":15},"end":{"line":140,"column":17}}]},"60":{"loc":{"start":{"line":141,"column":76},"end":{"line":141,"column":104}},"type":"cond-expr","locations":[{"start":{"line":141,"column":92},"end":{"line":141,"column":97}},{"start":{"line":141,"column":100},"end":{"line":141,"column":104}}]},"61":{"loc":{"start":{"line":150,"column":61},"end":{"line":150,"column":88}},"type":"binary-expr","locations":[{"start":{"line":150,"column":61},"end":{"line":150,"column":67}},{"start":{"line":150,"column":71},"end":{"line":150,"column":82}},{"start":{"line":150,"column":86},"end":{"line":150,"column":88}}]},"62":{"loc":{"start":{"line":155,"column":4},"end":{"line":160,"column":5}},"type":"if","locations":[{"start":{"line":155,"column":4},"end":{"line":160,"column":5}},{"start":{"line":158,"column":11},"end":{"line":160,"column":5}}]},"63":{"loc":{"start":{"line":176,"column":63},"end":{"line":176,"column":90}},"type":"binary-expr","locations":[{"start":{"line":176,"column":63},"end":{"line":176,"column":69}},{"start":{"line":176,"column":73},"end":{"line":176,"column":84}},{"start":{"line":176,"column":88},"end":{"line":176,"column":90}}]},"64":{"loc":{"start":{"line":179,"column":4},"end":{"line":188,"column":5}},"type":"if","locations":[{"start":{"line":179,"column":4},"end":{"line":188,"column":5}},{"start":{"line":186,"column":11},"end":{"line":188,"column":5}}]},"65":{"loc":{"start":{"line":181,"column":6},"end":{"line":185,"column":7}},"type":"if","locations":[{"start":{"line":181,"column":6},"end":{"line":185,"column":7}},{"start":{"line":183,"column":13},"end":{"line":185,"column":7}}]},"66":{"loc":{"start":{"line":189,"column":4},"end":{"line":189,"column":57}},"type":"if","locations":[{"start":{"line":189,"column":4},"end":{"line":189,"column":57}},{"start":{},"end":{}}]},"67":{"loc":{"start":{"line":201,"column":52},"end":{"line":201,"column":79}},"type":"binary-expr","locations":[{"start":{"line":201,"column":52},"end":{"line":201,"column":58}},{"start":{"line":201,"column":62},"end":{"line":201,"column":73}},{"start":{"line":201,"column":77},"end":{"line":201,"column":79}}]},"68":{"loc":{"start":{"line":206,"column":21},"end":{"line":206,"column":48}},"type":"binary-expr","locations":[{"start":{"line":206,"column":21},"end":{"line":206,"column":27}},{"start":{"line":206,"column":31},"end":{"line":206,"column":42}},{"start":{"line":206,"column":46},"end":{"line":206,"column":48}}]},"69":{"loc":{"start":{"line":207,"column":4},"end":{"line":207,"column":25}},"type":"if","locations":[{"start":{"line":207,"column":4},"end":{"line":207,"column":25}},{"start":{},"end":{}}]},"70":{"loc":{"start":{"line":208,"column":22},"end":{"line":210,"column":38}},"type":"cond-expr","locations":[{"start":{"line":209,"column":8},"end":{"line":209,"column":17}},{"start":{"line":210,"column":8},"end":{"line":210,"column":38}}]},"71":{"loc":{"start":{"line":208,"column":22},"end":{"line":208,"column":59}},"type":"binary-expr","locations":[{"start":{"line":208,"column":22},"end":{"line":208,"column":31}},{"start":{"line":208,"column":35},"end":{"line":208,"column":59}}]},"72":{"loc":{"start":{"line":210,"column":8},"end":{"line":210,"column":38}},"type":"cond-expr","locations":[{"start":{"line":210,"column":21},"end":{"line":210,"column":33}},{"start":{"line":210,"column":36},"end":{"line":210,"column":38}}]},"73":{"loc":{"start":{"line":211,"column":71},"end":{"line":211,"column":91}},"type":"binary-expr","locations":[{"start":{"line":211,"column":71},"end":{"line":211,"column":86}},{"start":{"line":211,"column":90},"end":{"line":211,"column":91}}]},"74":{"loc":{"start":{"line":211,"column":71},"end":{"line":211,"column":86}},"type":"cond-expr","locations":[{"start":{"line":211,"column":78},"end":{"line":211,"column":80}},{"start":{"line":211,"column":78},"end":{"line":211,"column":86}}]},"75":{"loc":{"start":{"line":211,"column":71},"end":{"line":211,"column":80}},"type":"binary-expr","locations":[{"start":{"line":211,"column":71},"end":{"line":211,"column":80}},{"start":{"line":211,"column":78},"end":{"line":211,"column":80}}]},"76":{"loc":{"start":{"line":212,"column":61},"end":{"line":212,"column":94}},"type":"cond-expr","locations":[{"start":{"line":212,"column":86},"end":{"line":212,"column":89}},{"start":{"line":212,"column":92},"end":{"line":212,"column":94}}]},"77":{"loc":{"start":{"line":212,"column":114},"end":{"line":212,"column":139}},"type":"cond-expr","locations":[{"start":{"line":212,"column":131},"end":{"line":212,"column":134}},{"start":{"line":212,"column":137},"end":{"line":212,"column":139}}]},"78":{"loc":{"start":{"line":217,"column":4},"end":{"line":217,"column":36}},"type":"if","locations":[{"start":{"line":217,"column":4},"end":{"line":217,"column":36}},{"start":{},"end":{}}]},"79":{"loc":{"start":{"line":226,"column":4},"end":{"line":242,"column":5}},"type":"if","locations":[{"start":{"line":226,"column":4},"end":{"line":242,"column":5}},{"start":{"line":238,"column":11},"end":{"line":242,"column":5}}]},"80":{"loc":{"start":{"line":226,"column":8},"end":{"line":226,"column":45}},"type":"binary-expr","locations":[{"start":{"line":226,"column":8},"end":{"line":226,"column":23}},{"start":{"line":226,"column":27},"end":{"line":226,"column":45}}]},"81":{"loc":{"start":{"line":245,"column":2},"end":{"line":245,"column":177}},"type":"if","locations":[{"start":{"line":245,"column":2},"end":{"line":245,"column":177}},{"start":{},"end":{}}]},"82":{"loc":{"start":{"line":246,"column":2},"end":{"line":246,"column":89}},"type":"if","locations":[{"start":{"line":246,"column":2},"end":{"line":246,"column":89}},{"start":{},"end":{}}]},"83":{"loc":{"start":{"line":275,"column":19},"end":{"line":281,"column":null}},"type":"binary-expr","locations":[{"start":{"line":275,"column":19},"end":{"line":275,"column":33}},{"start":{"line":276,"column":20},"end":{"line":280,"column":null}}]},"84":{"loc":{"start":{"line":283,"column":19},"end":{"line":286,"column":null}},"type":"binary-expr","locations":[{"start":{"line":283,"column":19},"end":{"line":283,"column":35}},{"start":{"line":284,"column":20},"end":{"line":285,"column":null}}]},"85":{"loc":{"start":{"line":290,"column":19},"end":{"line":296,"column":null}},"type":"cond-expr","locations":[{"start":{"line":291,"column":20},"end":{"line":293,"column":null}},{"start":{"line":296,"column":20},"end":{"line":296,"column":77}}]},"86":{"loc":{"start":{"line":306,"column":88},"end":{"line":306,"column":111}},"type":"cond-expr","locations":[{"start":{"line":306,"column":103},"end":{"line":306,"column":105}},{"start":{"line":306,"column":108},"end":{"line":306,"column":111}}]},"87":{"loc":{"start":{"line":307,"column":92},"end":{"line":307,"column":119}},"type":"cond-expr","locations":[{"start":{"line":307,"column":111},"end":{"line":307,"column":113}},{"start":{"line":307,"column":116},"end":{"line":307,"column":119}}]},"88":{"loc":{"start":{"line":353,"column":22},"end":{"line":353,"column":97}},"type":"if","locations":[{"start":{"line":353,"column":22},"end":{"line":353,"column":97}},{"start":{},"end":{}}]},"89":{"loc":{"start":{"line":361,"column":28},"end":{"line":363,"column":56}},"type":"cond-expr","locations":[{"start":{"line":362,"column":32},"end":{"line":362,"column":72}},{"start":{"line":363,"column":32},"end":{"line":363,"column":56}}]},"90":{"loc":{"start":{"line":365,"column":56},"end":{"line":365,"column":111}},"type":"cond-expr","locations":[{"start":{"line":365,"column":69},"end":{"line":365,"column":84}},{"start":{"line":365,"column":87},"end":{"line":365,"column":111}}]},"91":{"loc":{"start":{"line":384,"column":11},"end":{"line":393,"column":null}},"type":"cond-expr","locations":[{"start":{"line":385,"column":12},"end":{"line":385,"column":87}},{"start":{"line":387,"column":12},"end":{"line":392,"column":null}}]}},"s":{"0":1,"1":1,"2":1,"3":1,"4":1,"5":1,"6":1,"7":1,"8":1,"9":1,"10":1,"11":1,"12":0,"13":0,"14":0,"15":0,"16":0,"17":0,"18":0,"19":0,"20":0,"21":0,"22":0,"23":0,"24":0,"25":0,"26":0,"27":0,"28":0,"29":0,"30":0,"31":0,"32":0,"33":0,"34":0,"35":0,"36":0,"37":0,"38":0,"39":0,"40":0,"41":0,"42":0,"43":0,"44":0,"45":0,"46":0,"47":0,"48":0,"49":0,"50":0,"51":0,"52":0,"53":0,"54":0,"55":0,"56":0,"57":0,"58":0,"59":0,"60":0,"61":0,"62":0,"63":0,"64":0,"65":0,"66":0,"67":0,"68":0,"69":0,"70":0,"71":0,"72":0,"73":0,"74":0,"75":0,"76":0,"77":0,"78":0,"79":0,"80":0,"81":0,"82":0,"83":0,"84":0,"85":0,"86":0,"87":0,"88":0,"89":0,"90":0,"91":0,"92":0,"93":0,"94":0,"95":0,"96":0,"97":0,"98":0,"99":0,"100":0,"101":0,"102":0,"103":0,"104":0,"105":0,"106":0,"107":0,"108":0,"109":0,"110":0,"111":0,"112":0,"113":0,"114":0,"115":0,"116":0,"117":0,"118":0,"119":0,"120":0,"121":0,"122":0,"123":0,"124":0,"125":0,"126":0,"127":0,"128":0,"129":0,"130":0,"131":0,"132":0,"133":0,"134":0,"135":0,"136":0,"137":0,"138":0,"139":0,"140":0,"141":0,"142":0,"143":0,"144":0,"145":0,"146":0,"147":0,"148":0,"149":0,"150":0,"151":0,"152":0,"153":0,"154":0,"155":0,"156":0,"157":0,"158":0,"159":0,"160":0,"161":0,"162":0,"163":0,"164":0,"165":0,"166":0,"167":0,"168":0,"169":0,"170":0,"171":0,"172":0,"173":0,"174":0,"175":0,"176":0,"177":0,"178":0,"179":0,"180":0,"181":0,"182":0,"183":0,"184":0,"185":0,"186":0,"187":0,"188":0,"189":0,"190":0,"191":0,"192":0,"193":0,"194":0,"195":0,"196":0,"197":0,"198":0,"199":0,"200":1},"f":{"0":0,"1":0,"2":0,"3":0,"4":0,"5":0,"6":0,"7":0,"8":0,"9":0,"10":0,"11":0,"12":0,"13":0,"14":0,"15":0,"16":0,"17":0,"18":0,"19":0,"20":0,"21":0,"22":0,"23":0,"24":0,"25":0,"26":0,"27":0,"28":0,"29":0,"30":0,"31":0,"32":0,"33":0,"34":0,"35":0,"36":0,"37":0,"38":0,"39":0,"40":0,"41":0,"42":0,"43":0,"44":0,"45":0,"46":0,"47":0,"48":0,"49":0,"50":0,"51":0},"b":{"0":[0,0],"1":[0,0],"2":[0,0],"3":[0,0],"4":[0,0],"5":[0,0],"6":[0,0],"7":[0,0],"8":[0,0],"9":[0,0],"10":[0,0],"11":[0,0],"12":[0,0],"13":[0,0],"14":[0,0],"15":[0,0],"16":[0,0],"17":[0,0],"18":[0,0],"19":[0,0],"20":[0,0],"21":[0,0],"22":[0,0],"23":[0,0],"24":[0,0],"25":[0,0],"26":[0,0],"27":[0,0],"28":[0,0],"29":[0,0],"30":[0,0],"31":[0,0],"32":[0,0],"33":[0,0],"34":[0,0],"35":[0,0],"36":[0,0],"37":[0,0],"38":[0,0],"39":[0,0],"40":[0,0],"41":[0,0],"42":[0,0],"43":[0,0],"44":[0,0],"45":[0,0],"46":[0,0],"47":[0,0],"48":[0,0],"49":[0,0],"50":[0,0],"51":[0,0],"52":[0,0],"53":[0,0],"54":[0,0,0],"55":[0,0],"56":[0,0],"57":[0,0],"58":[0,0],"59":[0,0],"60":[0,0],"61":[0,0,0],"62":[0,0],"63":[0,0,0],"64":[0,0],"65":[0,0],"66":[0,0],"67":[0,0,0],"68":[0,0,0],"69":[0,0],"70":[0,0],"71":[0,0],"72":[0,0],"73":[0,0],"74":[0,0],"75":[0,0],"76":[0,0],"77":[0,0],"78":[0,0],"79":[0,0],"80":[0,0],"81":[0,0],"82":[0,0],"83":[0,0],"84":[0,0],"85":[0,0],"86":[0,0],"87":[0,0],"88":[0,0],"89":[0,0],"90":[0,0],"91":[0,0]}}
,"C:\\Users\\Surya\\OneDrive\\Desktop\\virtual-bus-services-main\\fitforge-buddy-main\\src\\components\\QuickActions.tsx": {"path":"C:\\Users\\Surya\\OneDrive\\Desktop\\virtual-bus-services-main\\fitforge-buddy-main\\src\\components\\QuickActions.tsx","statementMap":{"0":{"start":{"line":1,"column":0},"end":{"line":1,"column":44}},"1":{"start":{"line":2,"column":0},"end":{"line":2,"column":40}},"2":{"start":{"line":3,"column":0},"end":{"line":3,"column":null}},"3":{"start":{"line":13,"column":0},"end":{"line":13,"column":33}},"4":{"start":{"line":15,"column":28},"end":{"line":83,"column":1}},"5":{"start":{"line":16,"column":44},"end":{"line":16,"column":59}},"6":{"start":{"line":17,"column":42},"end":{"line":17,"column":55}},"7":{"start":{"line":19,"column":21},"end":{"line":23,"column":3}},"8":{"start":{"line":20,"column":17},"end":{"line":20,"column":41}},"9":{"start":{"line":21,"column":17},"end":{"line":21,"column":29}},"10":{"start":{"line":22,"column":4},"end":{"line":22,"column":57}},"11":{"start":{"line":25,"column":2},"end":{"line":82,"column":4}},"12":{"start":{"line":56,"column":29},"end":{"line":56,"column":61}},"13":{"start":{"line":15,"column":13},"end":{"line":15,"column":28}}},"fnMap":{"0":{"name":"(anonymous_1)","decl":{"start":{"line":15,"column":28},"end":{"line":15,"column":31}},"loc":{"start":{"line":15,"column":33},"end":{"line":83,"column":1}}},"1":{"name":"(anonymous_2)","decl":{"start":{"line":19,"column":21},"end":{"line":19,"column":22}},"loc":{"start":{"line":19,"column":41},"end":{"line":23,"column":3}}},"2":{"name":"(anonymous_3)","decl":{"start":{"line":56,"column":23},"end":{"line":56,"column":26}},"loc":{"start":{"line":56,"column":29},"end":{"line":56,"column":61}}}},"branchMap":{"0":{"loc":{"start":{"line":55,"column":52},"end":{"line":55,"column":139}},"type":"cond-expr","locations":[{"start":{"line":55,"column":68},"end":{"line":55,"column":94}},{"start":{"line":55,"column":97},"end":{"line":55,"column":139}}]},"1":{"loc":{"start":{"line":58,"column":15},"end":{"line":58,"column":91}},"type":"cond-expr","locations":[{"start":{"line":58,"column":31},"end":{"line":58,"column":60}},{"start":{"line":58,"column":63},"end":{"line":58,"column":91}}]}},"s":{"0":1,"1":1,"2":1,"3":1,"4":1,"5":0,"6":0,"7":0,"8":0,"9":0,"10":0,"11":0,"12":0,"13":1},"f":{"0":0,"1":0,"2":0},"b":{"0":[0,0],"1":[0,0]}}
,"C:\\Users\\Surya\\OneDrive\\Desktop\\virtual-bus-services-main\\fitforge-buddy-main\\src\\components\\WorkoutTracker.tsx": {"path":"C:\\Users\\Surya\\OneDrive\\Desktop\\virtual-bus-services-main\\fitforge-buddy-main\\src\\components\\WorkoutTracker.tsx","statementMap":{"0":{"start":{"line":1,"column":0},"end":{"line":1,"column":38}},"1":{"start":{"line":2,"column":0},"end":{"line":2,"column":44}},"2":{"start":{"line":3,"column":0},"end":{"line":3,"column":44}},"3":{"start":{"line":4,"column":0},"end":{"line":4,"column":40}},"4":{"start":{"line":5,"column":0},"end":{"line":5,"column":46}},"5":{"start":{"line":6,"column":0},"end":{"line":6,"column":46}},"6":{"start":{"line":7,"column":0},"end":{"line":7,"column":52}},"7":{"start":{"line":8,"column":0},"end":{"line":8,"column":76}},"8":{"start":{"line":9,"column":0},"end":{"line":9,"column":46}},"9":{"start":{"line":10,"column":0},"end":{"line":10,"column":56}},"10":{"start":{"line":11,"column":0},"end":{"line":11,"column":49}},"11":{"start":{"line":12,"column":0},"end":{"line":12,"column":37}},"12":{"start":{"line":38,"column":30},"end":{"line":524,"column":1}},"13":{"start":{"line":39,"column":20},"end":{"line":39,"column":29}},"14":{"start":{"line":40,"column":38},"end":{"line":40,"column":96}},"15":{"start":{"line":41,"column":26},"end":{"line":41,"column":41}},"16":{"start":{"line":42,"column":46},"end":{"line":54,"column":4}},"17":{"start":{"line":55,"column":48},"end":{"line":55,"column":60}},"18":{"start":{"line":56,"column":34},"end":{"line":56,"column":53}},"19":{"start":{"line":57,"column":48},"end":{"line":57,"column":63}},"20":{"start":{"line":58,"column":44},"end":{"line":58,"column":73}},"21":{"start":{"line":59,"column":48},"end":{"line":59,"column":77}},"22":{"start":{"line":60,"column":68},"end":{"line":70,"column":4}},"23":{"start":{"line":62,"column":24},"end":{"line":68,"column":null}},"24":{"start":{"line":63,"column":18},"end":{"line":65,"column":8}},"25":{"start":{"line":66,"column":6},"end":{"line":66,"column":69}},"26":{"start":{"line":66,"column":19},"end":{"line":66,"column":69}},"27":{"start":{"line":67,"column":6},"end":{"line":67,"column":24}},"28":{"start":{"line":71,"column":25},"end":{"line":71,"column":56}},"29":{"start":{"line":72,"column":48},"end":{"line":72,"column":63}},"30":{"start":{"line":73,"column":20},"end":{"line":73,"column":30}},"31":{"start":{"line":74,"column":34},"end":{"line":74,"column":46}},"32":{"start":{"line":75,"column":30},"end":{"line":75,"column":42}},"33":{"start":{"line":77,"column":2},"end":{"line":95,"column":14}},"34":{"start":{"line":78,"column":26},"end":{"line":93,"column":6}},"35":{"start":{"line":78,"column":37},"end":{"line":93,"column":6}},"36":{"start":{"line":79,"column":6},"end":{"line":79,"column":31}},"37":{"start":{"line":80,"column":6},"end":{"line":80,"column":29}},"38":{"start":{"line":81,"column":6},"end":{"line":92,"column":7}},"39":{"start":{"line":82,"column":20},"end":{"line":84,"column":10}},"40":{"start":{"line":85,"column":8},"end":{"line":85,"column":64}},"41":{"start":{"line":85,"column":21},"end":{"line":85,"column":64}},"42":{"start":{"line":86,"column":21},"end":{"line":86,"column":37}},"43":{"start":{"line":87,"column":8},"end":{"line":87,"column":41}},"44":{"start":{"line":89,"column":8},"end":{"line":89,"column":64}},"45":{"start":{"line":91,"column":8},"end":{"line":91,"column":34}},"46":{"start":{"line":94,"column":4},"end":{"line":94,"column":31}},"47":{"start":{"line":94,"column":15},"end":{"line":94,"column":31}},"48":{"start":{"line":97,"column":2},"end":{"line":115,"column":17}},"49":{"start":{"line":99,"column":25},"end":{"line":99,"column":43}},"50":{"start":{"line":100,"column":21},"end":{"line":100,"column":75}},"51":{"start":{"line":101,"column":25},"end":{"line":104,"column":13}},"52":{"start":{"line":102,"column":19},"end":{"line":102,"column":25}},"53":{"start":{"line":103,"column":16},"end":{"line":103,"column":20}},"54":{"start":{"line":105,"column":21},"end":{"line":105,"column":70}},"55":{"start":{"line":105,"column":47},"end":{"line":105,"column":69}},"56":{"start":{"line":106,"column":4},"end":{"line":114,"column":5}},"57":{"start":{"line":107,"column":6},"end":{"line":111,"column":9}},"58":{"start":{"line":112,"column":6},"end":{"line":112,"column":97}},"59":{"start":{"line":113,"column":6},"end":{"line":113,"column":71}},"60":{"start":{"line":118,"column":23},"end":{"line":118,"column":126}},"61":{"start":{"line":118,"column":41},"end":{"line":118,"column":62}},"62":{"start":{"line":118,"column":99},"end":{"line":118,"column":125}},"63":{"start":{"line":119,"column":22},"end":{"line":119,"column":117}},"64":{"start":{"line":119,"column":71},"end":{"line":119,"column":116}},"65":{"start":{"line":120,"column":15},"end":{"line":120,"column":16}},"66":{"start":{"line":121,"column":2},"end":{"line":134,"column":3}},"67":{"start":{"line":122,"column":24},"end":{"line":122,"column":25}},"68":{"start":{"line":123,"column":4},"end":{"line":132,"column":5}},"69":{"start":{"line":123,"column":17},"end":{"line":123,"column":39}},"70":{"start":{"line":124,"column":19},"end":{"line":124,"column":47}},"71":{"start":{"line":125,"column":19},"end":{"line":125,"column":43}},"72":{"start":{"line":126,"column":19},"end":{"line":126,"column":76}},"73":{"start":{"line":127,"column":6},"end":{"line":131,"column":7}},"74":{"start":{"line":128,"column":8},"end":{"line":128,"column":24}},"75":{"start":{"line":130,"column":8},"end":{"line":130,"column":14}},"76":{"start":{"line":133,"column":4},"end":{"line":133,"column":27}},"77":{"start":{"line":137,"column":2},"end":{"line":147,"column":15}},"78":{"start":{"line":138,"column":29},"end":{"line":138,"column":41}},"79":{"start":{"line":139,"column":24},"end":{"line":139,"column":52}},"80":{"start":{"line":140,"column":21},"end":{"line":140,"column":74}},"81":{"start":{"line":141,"column":4},"end":{"line":146,"column":7}},"82":{"start":{"line":142,"column":6},"end":{"line":145,"column":7}},"83":{"start":{"line":143,"column":8},"end":{"line":143,"column":115}},"84":{"start":{"line":144,"column":8},"end":{"line":144,"column":84}},"85":{"start":{"line":149,"column":31},"end":{"line":162,"column":3}},"86":{"start":{"line":150,"column":4},"end":{"line":150,"column":76}},"87":{"start":{"line":150,"column":69},"end":{"line":150,"column":76}},"88":{"start":{"line":151,"column":4},"end":{"line":161,"column":9}},"89":{"start":{"line":151,"column":78},"end":{"line":161,"column":6}},"90":{"start":{"line":155,"column":53},"end":{"line":160,"column":8}},"91":{"start":{"line":164,"column":24},"end":{"line":164,"column":112}},"92":{"start":{"line":164,"column":59},"end":{"line":164,"column":108}},"93":{"start":{"line":164,"column":87},"end":{"line":164,"column":100}},"94":{"start":{"line":165,"column":20},"end":{"line":165,"column":78}},"95":{"start":{"line":165,"column":55},"end":{"line":165,"column":74}},"96":{"start":{"line":166,"column":19},"end":{"line":166,"column":52}},"97":{"start":{"line":168,"column":24},"end":{"line":170,"column":3}},"98":{"start":{"line":169,"column":4},"end":{"line":169,"column":67}},"99":{"start":{"line":172,"column":29},"end":{"line":174,"column":3}},"100":{"start":{"line":173,"column":4},"end":{"line":173,"column":26}},"101":{"start":{"line":176,"column":20},"end":{"line":189,"column":3}},"102":{"start":{"line":177,"column":4},"end":{"line":188,"column":7}},"103":{"start":{"line":177,"column":30},"end":{"line":187,"column":null}},"104":{"start":{"line":178,"column":6},"end":{"line":187,"column":12}},"105":{"start":{"line":182,"column":8},"end":{"line":184,"column":15}},"106":{"start":{"line":191,"column":28},"end":{"line":204,"column":3}},"107":{"start":{"line":192,"column":4},"end":{"line":203,"column":7}},"108":{"start":{"line":192,"column":30},"end":{"line":202,"column":null}},"109":{"start":{"line":193,"column":6},"end":{"line":202,"column":12}},"110":{"start":{"line":197,"column":8},"end":{"line":199,"column":15}},"111":{"start":{"line":206,"column":22},"end":{"line":222,"column":3}},"112":{"start":{"line":207,"column":4},"end":{"line":207,"column":40}},"113":{"start":{"line":207,"column":33},"end":{"line":207,"column":40}},"114":{"start":{"line":208,"column":4},"end":{"line":220,"column":7}},"115":{"start":{"line":208,"column":30},"end":{"line":220,"column":6}},"116":{"start":{"line":221,"column":4},"end":{"line":221,"column":27}},"117":{"start":{"line":224,"column":25},"end":{"line":237,"column":3}},"118":{"start":{"line":225,"column":4},"end":{"line":236,"column":7}},"119":{"start":{"line":225,"column":30},"end":{"line":235,"column":null}},"120":{"start":{"line":226,"column":6},"end":{"line":235,"column":12}},"121":{"start":{"line":230,"column":14},"end":{"line":232,"column":21}},"122":{"start":{"line":239,"column":17},"end":{"line":257,"column":3}},"123":{"start":{"line":240,"column":4},"end":{"line":256,"column":7}},"124":{"start":{"line":240,"column":30},"end":{"line":255,"column":null}},"125":{"start":{"line":241,"column":6},"end":{"line":255,"column":12}},"126":{"start":{"line":259,"column":20},"end":{"line":269,"column":3}},"127":{"start":{"line":260,"column":4},"end":{"line":268,"column":7}},"128":{"start":{"line":260,"column":30},"end":{"line":267,"column":null}},"129":{"start":{"line":261,"column":6},"end":{"line":267,"column":12}},"130":{"start":{"line":264,"column":40},"end":{"line":264,"column":56}},"131":{"start":{"line":271,"column":25},"end":{"line":274,"column":3}},"132":{"start":{"line":272,"column":4},"end":{"line":272,"column":44}},"133":{"start":{"line":272,"column":37},"end":{"line":272,"column":44}},"134":{"start":{"line":273,"column":4},"end":{"line":273,"column":71}},"135":{"start":{"line":273,"column":30},"end":{"line":273,"column":69}},"136":{"start":{"line":273,"column":48},"end":{"line":273,"column":68}},"137":{"start":{"line":276,"column":22},"end":{"line":294,"column":4}},"138":{"start":{"line":276,"column":33},"end":{"line":294,"column":4}},"139":{"start":{"line":277,"column":4},"end":{"line":277,"column":29}},"140":{"start":{"line":278,"column":4},"end":{"line":293,"column":5}},"141":{"start":{"line":279,"column":18},"end":{"line":286,"column":8}},"142":{"start":{"line":287,"column":6},"end":{"line":287,"column":61}},"143":{"start":{"line":287,"column":19},"end":{"line":287,"column":61}},"144":{"start":{"line":288,"column":6},"end":{"line":288,"column":31}},"145":{"start":{"line":289,"column":6},"end":{"line":289,"column":52}},"146":{"start":{"line":289,"column":23},"end":{"line":289,"column":44}},"147":{"start":{"line":291,"column":6},"end":{"line":291,"column":29}},"148":{"start":{"line":292,"column":6},"end":{"line":292,"column":52}},"149":{"start":{"line":292,"column":23},"end":{"line":292,"column":44}},"150":{"start":{"line":296,"column":26},"end":{"line":309,"column":4}},"151":{"start":{"line":296,"column":75},"end":{"line":309,"column":4}},"152":{"start":{"line":297,"column":4},"end":{"line":308,"column":14}},"153":{"start":{"line":298,"column":6},"end":{"line":305,"column":9}},"154":{"start":{"line":306,"column":6},"end":{"line":306,"column":31}},"155":{"start":{"line":307,"column":6},"end":{"line":307,"column":56}},"156":{"start":{"line":307,"column":23},"end":{"line":307,"column":48}},"157":{"start":{"line":311,"column":23},"end":{"line":311,"column":41}},"158":{"start":{"line":312,"column":19},"end":{"line":312,"column":73}},"159":{"start":{"line":313,"column":21},"end":{"line":313,"column":64}},"160":{"start":{"line":313,"column":42},"end":{"line":313,"column":48}},"161":{"start":{"line":313,"column":59},"end":{"line":313,"column":63}},"162":{"start":{"line":314,"column":24},"end":{"line":314,"column":71}},"163":{"start":{"line":314,"column":48},"end":{"line":314,"column":70}},"164":{"start":{"line":315,"column":24},"end":{"line":318,"column":3}},"165":{"start":{"line":316,"column":4},"end":{"line":316,"column":67}},"166":{"start":{"line":317,"column":4},"end":{"line":317,"column":29}},"167":{"start":{"line":320,"column":27},"end":{"line":327,"column":4}},"168":{"start":{"line":321,"column":20},"end":{"line":321,"column":41}},"169":{"start":{"line":322,"column":4},"end":{"line":322,"column":31}},"170":{"start":{"line":322,"column":18},"end":{"line":322,"column":31}},"171":{"start":{"line":323,"column":17},"end":{"line":323,"column":34}},"172":{"start":{"line":324,"column":4},"end":{"line":324,"column":60}},"173":{"start":{"line":324,"column":47},"end":{"line":324,"column":60}},"174":{"start":{"line":325,"column":4},"end":{"line":325,"column":56}},"175":{"start":{"line":325,"column":43},"end":{"line":325,"column":56}},"176":{"start":{"line":326,"column":4},"end":{"line":326,"column":16}},"177":{"start":{"line":329,"column":2},"end":{"line":523,"column":4}},"178":{"start":{"line":341,"column":18},"end":{"line":341,"column":30}},"179":{"start":{"line":344,"column":22},"end":{"line":344,"column":39}},"180":{"start":{"line":354,"column":100},"end":{"line":354,"column":123}},"181":{"start":{"line":355,"column":100},"end":{"line":355,"column":129}},"182":{"start":{"line":356,"column":100},"end":{"line":356,"column":123}},"183":{"start":{"line":377,"column":63},"end":{"line":377,"column":90}},"184":{"start":{"line":379,"column":61},"end":{"line":379,"column":86}},"185":{"start":{"line":388,"column":37},"end":{"line":388,"column":55}},"186":{"start":{"line":389,"column":33},"end":{"line":389,"column":87}},"187":{"start":{"line":390,"column":16},"end":{"line":434,"column":18}},"188":{"start":{"line":394,"column":37},"end":{"line":394,"column":109}},"189":{"start":{"line":416,"column":34},"end":{"line":416,"column":58}},"190":{"start":{"line":442,"column":34},"end":{"line":442,"column":83}},"191":{"start":{"line":442,"column":62},"end":{"line":442,"column":75}},"192":{"start":{"line":443,"column":29},"end":{"line":443,"column":72}},"193":{"start":{"line":444,"column":12},"end":{"line":506,"column":14}},"194":{"start":{"line":458,"column":132},"end":{"line":458,"column":159}},"195":{"start":{"line":472,"column":22},"end":{"line":472,"column":41}},"196":{"start":{"line":479,"column":140},"end":{"line":479,"column":203}},"197":{"start":{"line":480,"column":102},"end":{"line":480,"column":133}},"198":{"start":{"line":480,"column":158},"end":{"line":480,"column":201}},"199":{"start":{"line":480,"column":203},"end":{"line":480,"column":265}},"200":{"start":{"line":482,"column":140},"end":{"line":482,"column":202}},"201":{"start":{"line":486,"column":140},"end":{"line":486,"column":182}},"202":{"start":{"line":487,"column":85},"end":{"line":487,"column":114}},"203":{"start":{"line":487,"column":116},"end":{"line":487,"column":167}},"204":{"start":{"line":489,"column":140},"end":{"line":489,"column":181}},"205":{"start":{"line":494,"column":187},"end":{"line":494,"column":225}},"206":{"start":{"line":495,"column":147},"end":{"line":495,"column":177}},"207":{"start":{"line":501,"column":139},"end":{"line":501,"column":158}},"208":{"start":{"line":511,"column":88},"end":{"line":511,"column":122}},"209":{"start":{"line":38,"column":13},"end":{"line":38,"column":30}}},"fnMap":{"0":{"name":"(anonymous_8)","decl":{"start":{"line":38,"column":30},"end":{"line":38,"column":33}},"loc":{"start":{"line":38,"column":35},"end":{"line":524,"column":1}}},"1":{"name":"(anonymous_9)","decl":{"start":{"line":62,"column":13},"end":{"line":62,"column":22}},"loc":{"start":{"line":62,"column":24},"end":{"line":68,"column":null}}},"2":{"name":"(anonymous_10)","decl":{"start":{"line":62,"column":24},"end":{"line":62,"column":null}},"loc":{"start":{"line":62,"column":24},"end":{"line":68,"column":5}}},"3":{"name":"(anonymous_11)","decl":{"start":{"line":77,"column":12},"end":{"line":77,"column":15}},"loc":{"start":{"line":77,"column":17},"end":{"line":95,"column":3}}},"4":{"name":"(anonymous_12)","decl":{"start":{"line":78,"column":26},"end":{"line":78,"column":35}},"loc":{"start":{"line":78,"column":37},"end":{"line":93,"column":6}}},"5":{"name":"(anonymous_13)","decl":{"start":{"line":78,"column":37},"end":{"line":78,"column":null}},"loc":{"start":{"line":78,"column":37},"end":{"line":93,"column":5}}},"6":{"name":"(anonymous_14)","decl":{"start":{"line":97,"column":12},"end":{"line":97,"column":15}},"loc":{"start":{"line":97,"column":17},"end":{"line":115,"column":3}}},"7":{"name":"(anonymous_15)","decl":{"start":{"line":102,"column":14},"end":{"line":102,"column":15}},"loc":{"start":{"line":102,"column":19},"end":{"line":102,"column":25}}},"8":{"name":"(anonymous_16)","decl":{"start":{"line":103,"column":11},"end":{"line":103,"column":12}},"loc":{"start":{"line":103,"column":16},"end":{"line":103,"column":20}}},"9":{"name":"(anonymous_17)","decl":{"start":{"line":105,"
[...]
oc":{"start":{"line":52,"column":23},"end":{"line":52,"column":48}}},"8":{"name":"(anonymous_16)","decl":{"start":{"line":65,"column":23},"end":{"line":65,"column":24}},"loc":{"start":{"line":66,"column":12},"end":{"line":66,"column":31}}},"9":{"name":"(anonymous_17)","decl":{"start":{"line":70,"column":129},"end":{"line":70,"column":132}},"loc":{"start":{"line":70,"column":135},"end":{"line":70,"column":156}}},"10":{"name":"(anonymous_18)","decl":{"start":{"line":72,"column":129},"end":{"line":72,"column":132}},"loc":{"start":{"line":72,"column":135},"end":{"line":72,"column":159}}},"11":{"name":"(anonymous_19)","decl":{"start":{"line":82,"column":72},"end":{"line":82,"column":75}},"loc":{"start":{"line":82,"column":78},"end":{"line":82,"column":94}}}},"branchMap":{"0":{"loc":{"start":{"line":16,"column":2},"end":{"line":16,"column":58}},"type":"if","locations":[{"start":{"line":16,"column":2},"end":{"line":16,"column":58}},{"start":{},"end":{}}]},"1":{"loc":{"start":{"line":26,"column":2},"end":{"line":26,"column":64}},"type":"if","locations":[{"start":{"line":26,"column":2},"end":{"line":26,"column":64}},{"start":{},"end":{}}]},"2":{"loc":{"start":{"line":42,"column":16},"end":{"line":42,"column":33}},"type":"binary-expr","locations":[{"start":{"line":42,"column":16},"end":{"line":42,"column":27}},{"start":{"line":42,"column":31},"end":{"line":42,"column":33}}]},"3":{"loc":{"start":{"line":42,"column":16},"end":{"line":42,"column":27}},"type":"cond-expr","locations":[{"start":{"line":42,"column":20},"end":{"line":42,"column":22}},{"start":{"line":42,"column":16},"end":{"line":42,"column":27}}]},"4":{"loc":{"start":{"line":42,"column":16},"end":{"line":42,"column":22}},"type":"binary-expr","locations":[{"start":{"line":42,"column":16},"end":{"line":42,"column":22}},{"start":{"line":42,"column":16},"end":{"line":42,"column":22}}]},"5":{"loc":{"start":{"line":56,"column":9},"end":{"line":76,"column":null}},"type":"cond-expr","locations":[{"start":{"line":57,"column":10},"end":{"line":60,"column":null}},{"start":{"line":62,"column":12},"end":{"line":76,"column":null}}]},"6":{"loc":{"start":{"line":62,"column":12},"end":{"line":76,"column":null}},"type":"cond-expr","locations":[{"start":{"line":63,"column":10},"end":{"line":63,"column":77}},{"start":{"line":65,"column":10},"end":{"line":76,"column":12}}]},"7":{"loc":{"start":{"line":69,"column":17},"end":{"line":72,"column":null}},"type":"cond-expr","locations":[{"start":{"line":70,"column":18},"end":{"line":70,"column":180}},{"start":{"line":72,"column":18},"end":{"line":72,"column":210}}]},"8":{"loc":{"start":{"line":79,"column":7},"end":{"line":86,"column":null}},"type":"binary-expr","locations":[{"start":{"line":79,"column":7},"end":{"line":79,"column":14}},{"start":{"line":80,"column":8},"end":{"line":85,"column":null}}]}},"s":{"0":1,"1":1,"2":1,"3":1,"4":0,"5":0,"6":0,"7":0,"8":0,"9":1,"10":0,"11":0,"12":0,"13":0,"14":0,"15":1,"16":0,"17":0,"18":0,"19":0,"20":0,"21":0,"22":0,"23":0,"24":0,"25":0,"26":0,"27":0,"28":0,"29":0,"30":0,"31":1},"f":{"0":0,"1":0,"2":0,"3":0,"4":0,"5":0,"6":0,"7":0,"8":0,"9":0,"10":0,"11":0},"b":{"0":[0,0],"1":[0,0],"2":[0,0],"3":[0,0],"4":[0,0],"5":[0,0],"6":[0,0],"7":[0,0],"8":[0,0]}}
,"C:\\Users\\Surya\\OneDrive\\Desktop\\virtual-bus-services-main\\fitforge-buddy-main\\src\\pages\\Help.tsx": {"path":"C:\\Users\\Surya\\OneDrive\\Desktop\\virtual-bus-services-main\\fitforge-buddy-main\\src\\pages\\Help.tsx","statementMap":{"0":{"start":{"line":3,"column":13},"end":{"line":28,"column":2}},"1":{"start":{"line":30,"column":23},"end":{"line":42,"column":null}},"2":{"start":{"line":31,"column":2},"end":{"line":41,"column":null}},"3":{"start":{"line":35,"column":8},"end":{"line":35,"column":21}},"4":{"start":{"line":45,"column":0},"end":{"line":45,"column":20}}},"fnMap":{"0":{"name":"(anonymous_0)","decl":{"start":{"line":30,"column":23},"end":{"line":30,"column":26}},"loc":{"start":{"line":31,"column":2},"end":{"line":41,"column":null}}},"1":{"name":"(anonymous_1)","decl":{"start":{"line":34,"column":16},"end":{"line":34,"column":17}},"loc":{"start":{"line":35,"column":8},"end":{"line":35,"column":21}}}},"branchMap":{},"s":{"0":1,"1":1,"2":0,"3":0,"4":1},"f":{"0":0,"1":0},"b":{}}
,"C:\\Users\\Surya\\OneDrive\\Desktop\\virtual-bus-services-main\\fitforge-buddy-main\\src\\pages\\Index.tsx": {"path":"C:\\Users\\Surya\\OneDrive\\Desktop\\virtual-bus-services-main\\fitforge-buddy-main\\src\\pages\\Index.tsx","statementMap":{"0":{"start":{"line":1,"column":0},"end":{"line":1,"column":63}},"1":{"start":{"line":2,"column":0},"end":{"line":2,"column":61}},"2":{"start":{"line":3,"column":0},"end":{"line":3,"column":59}},"3":{"start":{"line":4,"column":0},"end":{"line":4,"column":57}},"4":{"start":{"line":6,"column":14},"end":{"line":29,"column":1}},"5":{"start":{"line":7,"column":2},"end":{"line":28,"column":4}},"6":{"start":{"line":31,"column":0},"end":{"line":31,"column":21}}},"fnMap":{"0":{"name":"(anonymous_0)","decl":{"start":{"line":6,"column":14},"end":{"line":6,"column":17}},"loc":{"start":{"line":6,"column":19},"end":{"line":29,"column":1}}}},"branchMap":{},"s":{"0":1,"1":1,"2":1,"3":1,"4":1,"5":0,"6":1},"f":{"0":0},"b":{}}
,"C:\\Users\\Surya\\OneDrive\\Desktop\\virtual-bus-services-main\\fitforge-buddy-main\\src\\pages\\Leaderboard.tsx": {"path":"C:\\Users\\Surya\\OneDrive\\Desktop\\virtual-bus-services-main\\fitforge-buddy-main\\src\\pages\\Leaderboard.tsx","statementMap":{"0":{"start":{"line":2,"column":0},"end":{"line":2,"column":49}},"1":{"start":{"line":3,"column":0},"end":{"line":3,"column":49}},"2":{"start":{"line":15,"column":25},"end":{"line":19,"column":2}},"3":{"start":{"line":15,"column":66},"end":{"line":19,"column":2}},"4":{"start":{"line":16,"column":14},"end":{"line":16,"column":45}},"5":{"start":{"line":17,"column":2},"end":{"line":17,"column":62}},"6":{"start":{"line":17,"column":15},"end":{"line":17,"column":62}},"7":{"start":{"line":18,"column":2},"end":{"line":18,"column":20}},"8":{"start":{"line":21,"column":30},"end":{"line":66,"column":1}},"9":{"start":{"line":22,"column":37},"end":{"line":25,"column":4}},"10":{"start":{"line":26,"column":22},"end":{"line":26,"column":45}},"11":{"start":{"line":28,"column":2},"end":{"line":65,"column":4}},"12":{"start":{"line":51,"column":57},"end":{"line":58,"column":16}},"13":{"start":{"line":68,"column":0},"end":{"line":68,"column":27}}},"fnMap":{"0":{"name":"(anonymous_8)","decl":{"start":{"line":15,"column":25},"end":{"line":15,"column":64}},"loc":{"start":{"line":15,"column":66},"end":{"line":19,"column":2}}},"1":{"name":"(anonymous_9)","decl":{"start":{"line":15,"column":66},"end":{"line":15,"column":null}},"loc":{"start":{"line":15,"column":66},"end":{"line":19,"column":1}}},"2":{"name":"(anonymous_10)","decl":{"start":{"line":21,"column":30},"end":{"line":21,"column":33}},"loc":{"start":{"line":21,"column":35},"end":{"line":66,"column":1}}},"3":{"name":"(anonymous_11)","decl":{"start":{"line":51,"column":31},"end":{"line":51,"column":32}},"loc":{"start":{"line":51,"column":56},"end":{"line":58,"column":16}}}},"branchMap":{"0":{"loc":{"start":{"line":17,"column":2},"end":{"line":17,"column":62}},"type":"if","locations":[{"start":{"line":17,"column":2},"end":{"line":17,"column":62}},{"start":{},"end":{}}]},"1":{"loc":{"start":{"line":26,"column":22},"end":{"line":26,"column":45}},"type":"binary-expr","locations":[{"start":{"line":26,"column":22},"end":{"line":26,"column":39}},{"start":{"line":26,"column":43},"end":{"line":26,"column":45}}]},"2":{"loc":{"start":{"line":26,"column":22},"end":{"line":26,"column":39}},"type":"cond-expr","locations":[{"start":{"line":26,"column":26},"end":{"line":26,"column":28}},{"start":{"line":26,"column":22},"end":{"line":26,"column":39}}]},"3":{"loc":{"start":{"line":26,"column":22},"end":{"line":26,"column":28}},"type":"binary-expr","locations":[{"start":{"line":26,"column":22},"end":{"line":26,"column":28}},{"start":{"line":26,"column":22},"end":{"line":26,"column":28}}]},"4":{"loc":{"start":{"line":32,"column":9},"end":{"line":60,"column":null}},"type":"cond-expr","locations":[{"start":{"line":33,"column":10},"end":{"line":36,"column":null}},{"start":{"line":38,"column":12},"end":{"line":60,"column":null}}]},"5":{"loc":{"start":{"line":38,"column":12},"end":{"line":60,"column":null}},"type":"cond-expr","locations":[{"start":{"line":39,"column":10},"end":{"line":39,"column":81}},{"start":{"line":41,"column":10},"end":{"line":59,"column":null}}]},"6":{"loc":{"start":{"line":52,"column":47},"end":{"line":52,"column":99}},"type":"cond-expr","locations":[{"start":{"line":52,"column":69},"end":{"line":52,"column":94}},{"start":{"line":52,"column":97},"end":{"line":52,"column":99}}]},"7":{"loc":{"start":{"line":56,"column":39},"end":{"line":56,"column":85}},"type":"cond-expr","locations":[{"start":{"line":56,"column":70},"end":{"line":56,"column":74}},{"start":{"line":56,"column":74},"end":{"line":56,"column":85}}]},"8":{"loc":{"start":{"line":56,"column":39},"end":{"line":56,"column":74}},"type":"binary-expr","locations":[{"start":{"line":56,"column":39},"end":{"line":56,"column":74}},{"start":{"line":56,"column":70},"end":{"line":56,"column":74}}]},"9":{"loc":{"start":{"line":56,"column":39},"end":{"line":56,"column":70}},"type":"cond-expr","locations":[{"start":{"line":56,"column":66},"end":{"line":56,"column":70}},{"start":{"line":56,"column":66},"end":{"line":56,"column":70}}]},"10":{"loc":{"start":{"line":56,"column":39},"end":{"line":56,"column":70}},"type":"binary-expr","locations":[{"start":{"line":56,"column":39},"end":{"line":56,"column":70}},{"start":{"line":56,"column":66},"end":{"line":56,"column":70}}]},"11":{"loc":{"start":{"line":56,"column":39},"end":{"line":56,"column":66}},"type":"cond-expr","locations":[{"start":{"line":56,"column":50},"end":{"line":56,"column":52}},{"start":{"line":56,"column":50},"end":{"line":56,"column":66}}]},"12":{"loc":{"start":{"line":56,"column":39},"end":{"line":56,"column":52}},"type":"binary-expr","locations":[{"start":{"line":56,"column":39},"end":{"line":56,"column":52}},{"start":{"line":56,"column":50},"end":{"line":56,"column":52}}]}},"s":{"0":1,"1":1,"2":1,"3":0,"4":0,"5":0,"6":0,"7":0,"8":1,"9":0,"10":0,"11":0,"12":0,"13":1},"f":{"0":0,"1":0,"2":0,"3":0},"b":{"0":[0,0],"1":[0,0],"2":[0,0],"3":[0,0],"4":[0,0],"5":[0,0],"6":[0,0],"7":[0,0],"8":[0,0],"9":[0,0],"10":[0,0],"11":[0,0],"12":[0,0]}}
,"C:\\Users\\Surya\\OneDrive\\Desktop\\virtual-bus-services-main\\fitforge-buddy-main\\src\\pages\\Login.tsx": {"path":"C:\\Users\\Surya\\OneDrive\\Desktop\\virtual-bus-services-main\\fitforge-buddy-main\\src\\pages\\Login.tsx","statementMap":{"0":{"start":{"line":1,"column":0},"end":{"line":1,"column":40}},"1":{"start":{"line":2,"column":0},"end":{"line":2,"column":38}},"2":{"start":{"line":4,"column":24},"end":{"line":69,"column":1}},"3":{"start":{"line":5,"column":28},"end":{"line":5,"column":40}},"4":{"start":{"line":6,"column":34},"end":{"line":6,"column":46}},"5":{"start":{"line":7,"column":32},"end":{"line":7,"column":47}},"6":{"start":{"line":8,"column":28},"end":{"line":8,"column":40}},"7":{"start":{"line":10,"column":34},"end":{"line":10,"column":43}},"8":{"start":{"line":12,"column":23},"end":{"line":34,"column":4}},"9":{"start":{"line":12,"column":52},"end":{"line":34,"column":4}},"10":{"start":{"line":13,"column":4},"end":{"line":13,"column":23}},"11":{"start":{"line":14,"column":4},"end":{"line":14,"column":21}},"12":{"start":{"line":15,"column":4},"end":{"line":15,"column":17}},"13":{"start":{"line":16,"column":4},"end":{"line":33,"column":5}},"14":{"start":{"line":18,"column":18},"end":{"line":22,"column":8}},"15":{"start":{"line":23,"column":6},"end":{"line":23,"column":58}},"16":{"start":{"line":23,"column":19},"end":{"line":23,"column":58}},"17":{"start":{"line":24,"column":19},"end":{"line":24,"column":35}},"18":{"start":{"line":26,"column":6},"end":{"line":26,"column":31}},"19":{"start":{"line":28,"column":6},"end":{"line":28,"column":33}},"20":{"start":{"line":30,"column":6},"end":{"line":30,"column":46}},"21":{"start":{"line":32,"column":6},"end":{"line":32,"column":24}},"22":{"start":{"line":36,"column":2},"end":{"line":68,"column":4}},"23":{"start":{"line":48,"column":27},"end":{"line":48,"column":51}},"24":{"start":{"line":59,"column":27},"end":{"line":59,"column":54}},"25":{"start":{"line":71,"column":0},"end":{"line":71,"column":21}}},"fnMap":{"0":{"name":"(anonymous_7)","decl":{"start":{"line":4,"column":24},"end":{"line":4,"column":27}},"loc":{"start":{"line":4,"column":29},"end":{"line":69,"column":1}}},"1":{"name":"(anonymous_8)","decl":{"start":{"line":12,"column":23},"end":{"line":12,"column":30}},"loc":{"start":{"line":12,"column":52},"end":{"line":34,"column":4}}},"2":{"name":"(anonymous_9)","decl":{"start":{"line":12,"column":52},"end":{"line":12,"column":null}},"loc":{"start":{"line":12,"column":52},"end":{"line":34,"column":3}}},"3":{"name":"(anonymous_10)","decl":{"start":{"line":48,"column":22},"end":{"line":48,"column":23}},"loc":{"start":{"line":48,"column":27},"end":{"line":48,"column":51}}},"4":{"name":"(anonymous_11)","decl":{"start":{"line":59,"column":22},"end":{"line":59,"column":23}},"loc":{"start":{"line":59,"column":27},"end":{"line":59,"column":54}}}},"branchMap":{"0":{"loc":{"start":{"line":23,"column":6},"end":{"line":23,"column":58}},"type":"if","locations":[{"start":{"line":23,"column":6},"end":{"line":23,"column":58}},{"start":{},"end":{}}]},"1":{"loc":{"start":{"line":30,"column":15},"end":{"line":30,"column":44}},"type":"binary-expr","locations":[{"start":{"line":30,"column":15},"end":{"line":30,"column":26}},{"start":{"line":30,"column":30},"end":{"line":30,"column":44}}]},"2":{"loc":{"start":{"line":62,"column":9},"end":{"line":62,"column":78}},"type":"binary-expr","locations":[{"start":{"line":62,"column":9},"end":{"line":62,"column":14}},{"start":{"line":62,"column":18},"end":{"line":62,"column":78}}]},"3":{"loc":{"start":{"line":64,"column":11},"end":{"line":64,"column":46}},"type":"cond-expr","locations":[{"start":{"line":64,"column":21},"end":{"line":64,"column":36}},{"start":{"line":64,"column":39},"end":{"line":64,"column":46}}]}},"s":{"0":1,"1":1,"2":1,"3":2,"4":2,"5":2,"6":2,"7":2,"8":2,"9":0,"10":0,"11":0,"12":0,"13":0,"14":0,"15":0,"16":0,"17":0,"18":0,"19":0,"20":0,"21":0,"22":2,"23":0,"24":0,"25":1},"f":{"0":2,"1":0,"2":0,"3":0,"4":0},"b":{"0":[0,0],"1":[0,0],"2":[2,0],"3":[0,2]}}
,"C:\\Users\\Surya\\OneDrive\\Desktop\\virtual-bus-services-main\\fitforge-buddy-main\\src\\pages\\NotFound.tsx": {"path":"C:\\Users\\Surya\\OneDrive\\Desktop\\virtual-bus-services-main\\fitforge-buddy-main\\src\\pages\\NotFound.tsx","statementMap":{"0":{"start":{"line":1,"column":0},"end":{"line":1,"column":47}},"1":{"start":{"line":2,"column":0},"end":{"line":2,"column":34}},"2":{"start":{"line":4,"column":17},"end":{"line":25,"column":1}},"3":{"start":{"line":5,"column":19},"end":{"line":5,"column":32}},"4":{"start":{"line":7,"column":2},"end":{"line":12,"column":26}},"5":{"start":{"line":8,"column":4},"end":{"line":11,"column":6}},"6":{"start":{"line":14,"column":2},"end":{"line":24,"column":4}},"7":{"start":{"line":27,"column":0},"end":{"line":27,"column":24}}},"fnMap":{"0":{"name":"(anonymous_0)","decl":{"start":{"line":4,"column":17},"end":{"line":4,"column":20}},"loc":{"start":{"line":4,"column":22},"end":{"line":25,"column":1}}},"1":{"name":"(anonymous_1)","decl":{"start":{"line":7,"column":12},"end":{"line":7,"column":15}},"loc":{"start":{"line":7,"column":17},"end":{"line":12,"column":3}}}},"branchMap":{},"s":{"0":1,"1":1,"2":1,"3":0,"4":0,"5":0,"6":0,"7":1},"f":{"0":0,"1":0},"b":{}}
,"C:\\Users\\Surya\\OneDrive\\Desktop\\virtual-bus-services-main\\fitforge-buddy-main\\src\\pages\\PrivacySettings.tsx": {"path":"C:\\Users\\Surya\\OneDrive\\Desktop\\virtual-bus-services-main\\fitforge-buddy-main\\src\\pages\\PrivacySettings.tsx","statementMap":{"0":{"start":{"line":1,"column":0},"end":{"line":1,"column":40}},"1":{"start":{"line":3,"column":34},"end":{"line":51,"column":1}},"2":{"start":{"line":4,"column":36},"end":{"line":4,"column":51}},"3":{"start":{"line":5,"column":34},"end":{"line":5,"column":49}},"4":{"start":{"line":6,"column":32},"end":{"line":9,"column":4}},"5":{"start":{"line":10,"column":32},"end":{"line":10,"column":44}},"6":{"start":{"line":12,"column":21},"end":{"line":18,"column":3}},"7":{"start":{"line":13,"column":4},"end":{"line":13,"column":23}},"8":{"start":{"line":14,"column":4},"end":{"line":17,"column":13}},"9":{"start":{"line":15,"column":6},"end":{"line":15,"column":26}},"10":{"start":{"line":16,"column":6},"end":{"line":16,"column":54}},"11":{"start":{"line":20,"column":24},"end":{"line":26,"column":3}},"12":{"start":{"line":21,"column":4},"end":{"line":21,"column":22}},"13":{"start":{"line":22,"column":4},"end":{"line":25,"column":13}},"14":{"start":{"line":23,"column":6},"end":{"line":23,"column":25}},"15":{"start":{"line":24,"column":6},"end":{"line":24,"column":77}},"16":{"start":{"line":28,"column":24},"end":{"line":30,"column":3}},"17":{"start":{"line":29,"column":4},"end":{"line":29,"column":48}},"18":{"start":{"line":29,"column":20},"end":{"line":29,"column":46}},"19":{"start":{"line":32,"column":2},"end":{"line":50,"column":4}},"20":{"start":{"line":38,"column":84},"end":{"line":38,"column":117}},"21":{"start":{"line":42,"column":81},"end":{"line":42,"column":111}},"22":{"start":{"line":53,"column":0},"end":{"line":53,"column":31}}},"fnMap":{"0":{"name":"(anonymous_0)","decl":{"start":{"line":3,"column":34},"end":{"line":3,"column":37}},"loc":{"start":{"line":3,"column":39},"end":{"line":51,"column":1}}},"1":{"name":"(anonymous_1)","decl":{"start":{"line":12,"column":21},"end":{"line":12,"column":24}},"loc":{"start":{"line":12,"column":26},"end":{"line":18,"column":3}}},"2":{"name":"(anonymous_2)","decl":{"start":{"line":14,"column":15},"end":{"line":14,"column":18}},"loc":{"start":{"line":14,"column":20},"end":{"line":17,"column":5}}},"3":{"name":"(anonymous_3)","decl":{"start":{"line":20,"column":24},"end":{"line":20,"column":27}},"loc":{"start":{"line":20,"column":29},"end":{"line":26,"column":3}}},"4":{"name":"(anonymous_4)","decl":{"start":{"line":22,"column":15},"end":{"line":22,"column":18}},"loc":{"start":{"line":22,"column":20},"end":{"line":25,"column":5}}},"5":{"name":"(anonymous_5)","decl":{"start":{"line":28,"column":24},"end":{"line":28,"column":25}},"loc":{"start":{"line":28,"column":54},"end":{"line":30,"column":3}}},"6":{"name":"(anonymous_6)","decl":{"start":{"line":29,"column":15},"end":{"line":29,"column":16}},"loc":{"start":{"line":29,"column":20},"end":{"line":29,"column":46}}},"7":{"name":"(anonymous_7)","decl":{"start":{"line":38,"column":78},"end":{"line":38,"column":81}},"loc":{"start":{"line":38,"column":84},"end":{"line":38,"column":117}}},"8":{"name":"(anonymous_8)","decl":{"start":{"line":42,"column":75},"end":{"line":42,"column":78}},"loc":{"start":{"line":42,"column":81},"end":{"line":42,"column":111}}}},"branchMap":{"0":{"loc":{"start":{"line":44,"column":160},"end":{"line":44,"column":205}},"type":"cond-expr","locations":[{"start":{"line":44,"column":172},"end":{"line":44,"column":186}},{"start":{"line":44,"column":189},"end":{"line":44,"column":205}}]},"1":{"loc":{"start":{"line":45,"column":170},"end":{"line":45,"column":225}},"type":"cond-expr","locations":[{"start":{"line":45,"column":181},"end":{"line":45,"column":196}},{"start":{"line":45,"column":199},"end":{"line":45,"column":225}}]},"2":{"loc":{"start":{"line":46,"column":9},"end":{"line":46,"column":78}},"type":"binary-expr","locations":[{"start":{"line":46,"column":9},"end":{"line":46,"column":16}},{"start":{"line":46,"column":20},"end":{"line":46,"column":78}}]}},"s":{"0":1,"1":1,"2":0,"3":0,"4":0,"5":0,"6":0,"7":0,"8":0,"9":0,"10":0,"11":0,"12":0,"13":0,"14":0,"15":0,"16":0,"17":0,"18":0,"19":0,"20":0,"21":0,"22":1},"f":{"0":0,"1":0,"2":0,"3":0,"4":0,"5":0,"6":0,"7":0,"8":0},"b":{"0":[0,0],"1":[0,0],"2":[0,0]}}
}
