TN:
SF:src\App.tsx
FN:25,RequireAuth
FN:33,(anonymous_8)
FN:53,(anonymous_9)
FN:54,(anonymous_10)
FN:55,(anonymous_11)
FNF:5
FNH:4
FNDA:1,RequireAuth
FNDA:2,(anonymous_8)
FNDA:2,(anonymous_9)
FNDA:2,(anonymous_10)
FNDA:0,(anonymous_11)
DA:1,1
DA:2,1
DA:3,1
DA:4,1
DA:5,1
DA:6,1
DA:7,1
DA:8,1
DA:9,1
DA:10,1
DA:11,1
DA:12,1
DA:13,1
DA:14,1
DA:15,1
DA:16,1
DA:17,1
DA:18,1
DA:19,1
DA:20,1
DA:22,1
DA:26,1
DA:27,1
DA:28,1
DA:30,0
DA:33,1
DA:34,2
DA:35,2
DA:53,1
DA:54,2
DA:55,2
DA:56,0
DA:57,0
DA:59,2
DA:91,1
LF:35
LH:32
BRDA:27,0,0,1
BRDA:27,0,1,0
BRDA:38,1,0,2
BRDA:38,1,1,0
BRDA:39,2,0,2
BRDA:39,2,1,0
BRDA:40,3,0,2
BRDA:40,3,1,0
BRDA:41,4,0,2
BRDA:41,4,1,0
BRDA:41,4,2,0
BRDA:41,4,3,0
BRDA:44,5,0,2
BRDA:44,5,1,0
BRDA:44,5,2,0
BRDA:47,6,0,2
BRDA:47,6,1,0
BRDA:48,7,0,2
BRDA:48,7,1,0
BRDA:67,8,0,2
BRDA:67,8,1,2
BRF:21
BRH:10
end_of_record
TN:
SF:src\components\DashboardHeader.tsx
FN:11,(anonymous_1)
FNF:1
FNH:0
FNDA:0,(anonymous_1)
DA:1,1
DA:2,1
DA:3,1
DA:4,1
DA:5,1
DA:11,1
DA:12,0
DA:18,0
DA:19,0
DA:21,0
LF:10
LH:6
BRDA:11,0,0,0
BRF:1
BRH:0
end_of_record
TN:
SF:src\components\FeedbackWidget.tsx
FN:3,(anonymous_7)
FN:8,(anonymous_8)
FN:8,(anonymous_9)
FN:15,(anonymous_10)
FN:26,(anonymous_11)
FN:34,(anonymous_12)
FN:38,(anonymous_13)
FNF:7
FNH:1
FNDA:2,(anonymous_7)
FNDA:0,(anonymous_8)
FNDA:0,(anonymous_9)
FNDA:0,(anonymous_10)
FNDA:0,(anonymous_11)
FNDA:0,(anonymous_12)
FNDA:0,(anonymous_13)
DA:1,1
DA:3,1
DA:4,2
DA:5,2
DA:6,2
DA:8,2
DA:9,0
DA:14,0
DA:15,0
DA:16,0
DA:17,0
DA:18,0
DA:22,2
DA:26,0
DA:34,0
DA:38,0
DA:58,1
LF:17
LH:8
BRDA:31,0,0,2
BRDA:31,0,1,0
BRDA:50,1,0,0
BRDA:50,1,1,0
BRF:4
BRH:1
end_of_record
TN:
SF:src\components\Onboarding.tsx
FN:26,(anonymous_0)
FN:36,(anonymous_1)
FN:36,(anonymous_2)
FNF:3
FNH:1
FNDA:2,(anonymous_0)
FNDA:0,(anonymous_1)
FNDA:0,(anonymous_2)
DA:1,1
DA:3,1
DA:26,1
DA:27,2
DA:29,2
DA:36,0
DA:46,1
LF:7
LH:6
BRDA:35,0,0,2
BRDA:35,0,1,0
BRF:2
BRH:1
end_of_record
TN:
SF:src\components\ProgressChart.tsx
FN:13,(anonymous_14)
FN:17,(anonymous_15)
FN:17,(anonymous_16)
FN:35,(anonymous_17)
FN:40,(anonymous_18)
FN:44,(anonymous_19)
FN:46,(anonymous_20)
FN:52,(anonymous_21)
FN:54,(anonymous_22)
FN:54,(anonymous_23)
FN:56,(anonymous_24)
FN:63,(anonymous_25)
FN:64,(anonymous_26)
FN:66,(anonymous_27)
FN:68,(anonymous_28)
FN:68,(anonymous_29)
FN:70,(anonymous_30)
FN:73,(anonymous_31)
FN:75,(anonymous_32)
FN:85,(anonymous_33)
FN:89,(anonymous_34)
FN:93,calcAverages
FN:95,(anonymous_36)
FN:99,(anonymous_37)
FN:100,(anonymous_38)
FN:119,(anonymous_39)
FN:123,(anonymous_40)
FN:125,(anonymous_41)
FN:132,(anonymous_42)
FN:134,(anonymous_43)
FN:139,(anonymous_44)
FN:140,(anonymous_45)
FN:150,(anonymous_46)
FN:150,(anonymous_47)
FN:165,(anonymous_48)
FN:170,(anonymous_49)
FN:176,(anonymous_50)
FN:176,(anonymous_51)
FN:196,(anonymous_52)
FN:201,(anonymous_53)
FN:205,(anonymous_54)
FN:211,(anonymous_55)
FN:216,(anonymous_56)
FN:216,(anonymous_57)
FN:225,(anonymous_58)
FN:225,(anonymous_59)
FN:229,(anonymous_60)
FN:230,(anonymous_61)
FN:269,(anonymous_62)
FN:349,(anonymous_63)
FN:351,(anonymous_64)
FN:388,(anonymous_65)
FNF:52
FNH:0
FNDA:0,(anonymous_14)
FNDA:0,(anonymous_15)
FNDA:0,(anonymous_16)
FNDA:0,(anonymous_17)
FNDA:0,(anonymous_18)
FNDA:0,(anonymous_19)
FNDA:0,(anonymous_20)
FNDA:0,(anonymous_21)
FNDA:0,(anonymous_22)
FNDA:0,(anonymous_23)
FNDA:0,(anonymous_24)
FNDA:0,(anonymous_25)
FNDA:0,(anonymous_26)
FNDA:0,(anonymous_27)
FNDA:0,(anonymous_28)
FNDA:0,(anonymous_29)
FNDA:0,(anonymous_30)
FNDA:0,(anonymous_31)
FNDA:0,(anonymous_32)
FNDA:0,(anonymous_33)
FNDA:0,(anonymous_34)
FNDA:0,calcAverages
FNDA:0,(anonymous_36)
FNDA:0,(anonymous_37)
FNDA:0,(anonymous_38)
FNDA:0,(anonymous_39)
FNDA:0,(anonymous_40)
FNDA:0,(anonymous_41)
FNDA:0,(anonymous_42)
FNDA:0,(anonymous_43)
FNDA:0,(anonymous_44)
FNDA:0,(anonymous_45)
FNDA:0,(anonymous_46)
FNDA:0,(anonymous_47)
FNDA:0,(anonymous_48)
FNDA:0,(anonymous_49)
FNDA:0,(anonymous_50)
FNDA:0,(anonymous_51)
FNDA:0,(anonymous_52)
FNDA:0,(anonymous_53)
FNDA:0,(anonymous_54)
FNDA:0,(anonymous_55)
FNDA:0,(anonymous_56)
FNDA:0,(anonymous_57)
FNDA:0,(anonymous_58)
FNDA:0,(anonymous_59)
FNDA:0,(anonymous_60)
FNDA:0,(anonymous_61)
FNDA:0,(anonymous_62)
FNDA:0,(anonymous_63)
FNDA:0,(anonymous_64)
FNDA:0,(anonymous_65)
DA:1,1
DA:2,1
DA:3,1
DA:4,1
DA:5,1
DA:6,1
DA:7,1
DA:8,1
DA:9,1
DA:10,1
DA:11,1
DA:13,1
DA:14,0
DA:15,0
DA:17,0
DA:18,0
DA:21,0
DA:22,0
DA:26,0
DA:27,0
DA:30,0
DA:31,0
DA:32,0
DA:33,0
DA:35,0
DA:36,0
DA:37,0
DA:38,0
DA:40,0
DA:41,0
DA:42,0
DA:44,0
DA:45,0
DA:46,0
DA:47,0
DA:48,0
DA:50,0
DA:52,0
DA:53,0
DA:54,0
DA:55,0
DA:56,0
DA:58,0
DA:60,0
DA:63,0
DA:64,0
DA:65,0
DA:66,0
DA:67,0
DA:68,0
DA:70,0
DA:73,0
DA:74,0
DA:75,0
DA:76,0
DA:77,0
DA:79,0
DA:83,0
DA:84,0
DA:85,0
DA:86,0
DA:87,0
DA:89,0
DA:90,0
DA:91,0
DA:94,0
DA:95,0
DA:96,0
DA:99,0
DA:100,0
DA:101,0
DA:102,0
DA:103,0
DA:104,0
DA:108,0
DA:114,0
DA:115,0
DA:118,0
DA:119,0
DA:120,0
DA:123,0
DA:124,0
DA:125,0
DA:126,0
DA:127,0
DA:132,0
DA:133,0
DA:134,0
DA:135,0
DA:136,0
DA:139,0
DA:140,0
DA:141,0
DA:145,0
DA:146,0
DA:150,0
DA:151,0
DA:152,0
DA:153,0
DA:154,0
DA:155,0
DA:156,0
DA:157,0
DA:159,0
DA:164,0
DA:165,0
DA:166,0
DA:167,0
DA:168,0
DA:170,0
DA:171,0
DA:174,0
DA:175,0
DA:176,0
DA:177,0
DA:178,0
DA:179,0
DA:180,0
DA:181,0
DA:182,0
DA:184,0
DA:187,0
DA:189,0
DA:190,0
DA:194,0
DA:195,0
DA:196,0
DA:197,0
DA:198,0
DA:199,0
DA:201,0
DA:204,0
DA:205,0
DA:206,0
DA:207,0
DA:208,0
DA:211,0
DA:212,0
DA:215,0
DA:216,0
DA:217,0
DA:218,0
DA:219,0
DA:220,0
DA:221,0
DA:222,0
DA:225,0
DA:226,0
DA:227,0
DA:228,0
DA:229,0
DA:231,0
DA:232,0
DA:239,0
DA:240,0
DA:241,0
DA:245,0
DA:246,0
DA:248,0
DA:270,0
DA:350,0
DA:352,0
DA:353,0
DA:354,0
DA:355,0
DA:356,0
DA:357,0
DA:389,0
LF:168
LH:12
BRDA:21,0,0,0
BRDA:21,0,1,0
BRDA:26,1,0,0
BRDA:26,1,1,0
BRDA:26,2,0,0
BRDA:26,2,1,0
BRDA:26,3,0,0
BRDA:26,3,1,0
BRDA:41,4,0,0
BRDA:41,4,1,0
BRDA:42,5,0,0
BRDA:42,5,1,0
BRDA:45,6,0,0
BRDA:45,6,1,0
BRDA:45,7,0,0
BRDA:45,7,1,0
BRDA:46,8,0,0
BRDA:46,8,1,0
BRDA:46,9,0,0
BRDA:46,9,1,0
BRDA:46,10,0,0
BRDA:46,10,1,0
BRDA:47,11,0,0
BRDA:47,11,1,0
BRDA:47,12,0,0
BRDA:47,12,1,0
BRDA:53,13,0,0
BRDA:53,13,1,0
BRDA:53,14,0,0
BRDA:53,14,1,0
BRDA:54,15,0,0
BRDA:54,15,1,0
BRDA:54,16,0,0
BRDA:54,16,1,0
BRDA:54,17,0,0
BRDA:54,17,1,0
BRDA:55,18,0,0
BRDA:55,18,1,0
BRDA:55,19,0,0
BRDA:55,19,1,0
BRDA:67,20,0,0
BRDA:67,20,1,0
BRDA:67,21,0,0
BRDA:67,21,1,0
BRDA:68,22,0,0
BRDA:68,22,1,0
BRDA:68,23,0,0
BRDA:68,23,1,0
BRDA:68,24,0,0
BRDA:68,24,1,0
BRDA:69,25,0,0
BRDA:69,25,1,0
BRDA:69,26,0,0
BRDA:69,26,1,0
BRDA:74,27,0,0
BRDA:74,27,1,0
BRDA:74,28,0,0
BRDA:74,28,1,0
BRDA:75,29,0,0
BRDA:75,29,1,0
BRDA:75,30,0,0
BRDA:75,30,1,0
BRDA:75,31,0,0
BRDA:75,31,1,0
BRDA:76,32,0,0
BRDA:76,32,1,0
BRDA:76,33,0,0
BRDA:76,33,1,0
BRDA:86,34,0,0
BRDA:86,34,1,0
BRDA:87,35,0,0
BRDA:87,35,1,0
BRDA:90,36,0,0
BRDA:90,36,1,0
BRDA:91,37,0,0
BRDA:91,37,1,0
BRDA:96,38,0,0
BRDA:96,38,1,0
BRDA:96,39,0,0
BRDA:96,39,1,0
BRDA:98,40,0,0
BRDA:98,40,1,0
BRDA:100,41,0,0
BRDA:100,41,1,0
BRDA:100,42,0,0
BRDA:100,42,1,0
BRDA:109,43,0,0
BRDA:109,43,1,0
BRDA:110,44,0,0
BRDA:110,44,1,0
BRDA:111,45,0,0
BRDA:111,45,1,0
BRDA:120,46,0,0
BRDA:120,46,1,0
BRDA:120,47,0,0
BRDA:120,47,1,0
BRDA:122,48,0,0
BRDA:122,48,1,0
BRDA:124,49,0,0
BRDA:124,49,1,0
BRDA:125,50,0,0
BRDA:125,50,1,0
BRDA:125,51,0,0
BRDA:125,51,1,0
BRDA:126,52,0,0
BRDA:126,52,1,0
BRDA:126,53,0,0
BRDA:126,53,1,0
BRDA:135,54,0,0
BRDA:135,54,1,0
BRDA:135,54,2,0
BRDA:136,55,0,0
BRDA:136,55,1,0
BRDA:136,56,0,0
BRDA:136,56,1,0
BRDA:138,57,0,0
BRDA:138,57,1,0
BRDA:140,58,0,0
BRDA:140,58,1,0
BRDA:140,59,0,0
BRDA:140,59,1,0
BRDA:141,60,0,0
BRDA:141,60,1,0
BRDA:150,61,0,0
BRDA:150,61,1,0
BRDA:150,61,2,0
BRDA:155,62,0,0
BRDA:155,62,1,0
BRDA:176,63,0,0
BRDA:176,63,1,0
BRDA:176,63,2,0
BRDA:179,64,0,0
BRDA:179,64,1,0
BRDA:181,65,0,0
BRDA:181,65,1,0
BRDA:189,66,0,0
BRDA:189,66,1,0
BRDA:201,67,0,0
BRDA:201,67,1,0
BRDA:201,67,2,0
BRDA:206,68,0,0
BRDA:206,68,1,0
BRDA:206,68,2,0
BRDA:207,69,0,0
BRDA:207,69,1,0
BRDA:208,70,0,0
BRDA:208,70,1,0
BRDA:208,71,0,0
BRDA:208,71,1,0
BRDA:210,72,0,0
BRDA:210,72,1,0
BRDA:211,73,0,0
BRDA:211,73,1,0
BRDA:211,74,0,0
BRDA:211,74,1,0
BRDA:211,75,0,0
BRDA:211,75,1,0
BRDA:212,76,0,0
BRDA:212,76,1,0
BRDA:212,77,0,0
BRDA:212,77,1,0
BRDA:217,78,0,0
BRDA:217,78,1,0
BRDA:226,79,0,0
BRDA:226,79,1,0
BRDA:226,80,0,0
BRDA:226,80,1,0
BRDA:245,81,0,0
BRDA:245,81,1,0
BRDA:246,82,0,0
BRDA:246,82,1,0
BRDA:275,83,0,0
BRDA:275,83,1,0
BRDA:283,84,0,0
BRDA:283,84,1,0
BRDA:290,85,0,0
BRDA:290,85,1,0
BRDA:306,86,0,0
BRDA:306,86,1,0
BRDA:307,87,0,0
BRDA:307,87,1,0
BRDA:353,88,0,0
BRDA:353,88,1,0
BRDA:361,89,0,0
BRDA:361,89,1,0
BRDA:365,90,0,0
BRDA:365,90,1,0
BRDA:384,91,0,0
BRDA:384,91,1,0
BRF:189
BRH:0
end_of_record
TN:
SF:src\components\QuickActions.tsx
FN:15,(anonymous_1)
FN:19,(anonymous_2)
FN:56,(anonymous_3)
FNF:3
FNH:0
FNDA:0,(anonymous_1)
FNDA:0,(anonymous_2)
FNDA:0,(anonymous_3)
DA:1,1
DA:2,1
DA:3,1
DA:13,1
DA:15,1
DA:16,0
DA:17,0
DA:19,0
DA:20,0
DA:21,0
DA:22,0
DA:25,0
DA:56,0
LF:13
LH:5
BRDA:55,0,0,0
BRDA:55,0,1,0
BRDA:58,1,0,0
BRDA:58,1,1,0
BRF:4
BRH:0
end_of_record
TN:
SF:src\components\WorkoutTracker.tsx
FN:38,(anonymous_8)
FN:62,(anonymous_9)
FN:62,(anonymous_10)
FN:77,(anonymous_11)
FN:78,(anonymous_12)
FN:78,(anonymous_13)
FN:97,(anonymous_14)
FN:102,(anonymous_15)
FN:103,(anonymous_16)
FN:105,(anonymous_17)
FN:118,(anonymous_18)
FN:118,(anonymous_19)
FN:119,(anonymous_20)
FN:137,(anonymous_21)
FN:141,(anonymous_22)
FN:149,(anonymous_23)
FN:151,(anonymous_24)
FN:155,(anonymous_25)
FN:164,(anonymous_26)
FN:164,(anonymous_27)
FN:165,(anonymous_28)
FN:168,(anonymous_29)
FN:172,(anonymous_30)
FN:176,(anonymous_31)
FN:177,(anonymous_32)
FN:177,(anonymous_33)
FN:181,(anonymous_34)
FN:191,(anonymous_35)
FN:192,(anonymous_36)
FN:192,(anonymous_37)
FN:196,(anonymous_38)
FN:206,(anonymous_39)
FN:208,(anonymous_40)
FN:224,(anonymous_41)
FN:225,(anonymous_42)
FN:225,(anonymous_43)
FN:229,(anonymous_44)
FN:239,(anonymous_45)
FN:240,(anonymous_46)
FN:240,(anonymous_47)
FN:259,(anonymous_48)
FN:260,(anonymous_49)
FN:260,(anonymous_50)
FN:264,(anonymous_51)
FN:271,(anonymous_52)
FN:273,(anonymous_53)
FN:273,(anonymous_54)
FN:276,(anonymous_55)
FN:276,(anonymous_56)
FN:289,(anonymous_57)
FN:292,(anonymous_58)
FN:296,(anonymous_59)
FN:296,(anonymous_60)
FN:307,(anonymous_61)
FN:313,(anonymous_62)
FN:313,(anonymous_63)
FN:314,(anonymous_64)
FN:315,(anonymous_65)
FN:320,(anonymous_66)
FN:340,(anonymous_67)
FN:343,(anonymous_68)
FN:354,(anonymous_69)
FN:355,(anonymous_70)
FN:356,(anonymous_71)
FN:377,(anonymous_72)
FN:379,(anonymous_73)
FN:387,(anonymous_74)
FN:394,(anonymous_75)
FN:415,(anonymous_76)
FN:441,(anonymous_77)
FN:442,(anonymous_78)
FN:458,(anonymous_79)
FN:471,(anonymous_80)
FN:479,(anonymous_81)
FN:480,(anonymous_82)
FN:482,(anonymous_83)
FN:486,(anonymous_84)
FN:487,(anonymous_85)
FN:489,(anonymous_86)
FN:494,(anonymous_87)
FN:495,(anonymous_88)
FN:501,(anonymous_89)
FN:511,(anonymous_90)
FNF:83
FNH:0
FNDA:0,(anonymous_8)
FNDA:0,(anonymous_9)
FNDA:0,(anonymous_10)
FNDA:0,(anonymous_11)
FNDA:0,(anonymous_12)
FNDA:0,(anonymous_13)
FNDA:0,(anonymous_14)
FNDA:0,(anonymous_15)
FNDA:0,(anonymous_16)
FNDA:0,(anonymous_17)
FNDA:0,(anonymous_18)
FNDA:0,(anonymous_19)
FNDA:0,(anonymous_20)
FNDA:0,(anonymous_21)
FNDA:0,(anonymous_22)
FNDA:0,(anonymous_23)
FNDA:0,(anonymous_24)
FNDA:0,(anonymous_25)
FNDA:0,(anonymous_26)
FNDA:0,(anonymous_27)
FNDA:0,(anonymous_28)
FNDA:0,(anonymous_29)
FNDA:0,(anonymous_30)
FNDA:0,(anonymous_31)
FNDA:0,(anonymous_32)
FNDA:0,(anonymous_33)
FNDA:0,(anonymous_34)
FNDA:0,(anonymous_35)
FNDA:0,(anonymous_36)
FNDA:0,(anonymous_37)
FNDA:0,(anonymous_38)
FNDA:0,(anonymous_39)
FNDA:0,(anonymous_40)
FNDA:0,(anonymous_41)
FNDA:0,(anonymous_42)
FNDA:0,(anonymous_43)
FNDA:0,(anonymous_44)
FNDA:0,(anonymous_45)
FNDA:0,(anonymous_46)
FNDA:0,(anonymous_47)
FNDA:0,(anonymous_48)
FNDA:0,(anonymous_49)
FNDA:0,(anonymous_50)
FNDA:0,(anonymous_51)
FNDA:0,(anonymous_52)
FNDA:0,(anonymous_53)
FNDA:0,(anonymous_54)
FNDA:0,(anonymous_55)
FNDA:0,(anonymous_56)
FNDA:0,(anonymous_57)
FNDA:0,(anonymous_58)
FNDA:0,(anonymous_59)
FNDA:0,(anonymous_60)
FNDA:0,(anonymous_61)
FNDA:0,(anonymous_62)
FNDA:0,(anonymous_63)
FNDA:0,(anonymous_64)
FNDA:0,(anonymous_65)
FNDA:0,(anonymous_66)
FNDA:0,(anonymous_67)
FNDA:0,(anonymous_68)
FNDA:0,(anonymous_69)
FNDA:0,(anonymous_70)
FNDA:0,(anonymous_71)
FNDA:0,(anonymous_72)
FNDA:0,(anonymous_73)
FNDA:0,(anonymous_74)
FNDA:0,(anonymous_75)
FNDA:0,(anonymous_76)
FNDA:0,(anonymous_77)
FNDA:0,(anonymous_78)
FNDA:0,(anonymous_79)
FNDA:0,(anonymous_80)
FNDA:0,(anonymous_81)
FNDA:0,(anonymous_82)
FNDA:0,(anonymous_83)
FNDA:0,(anonymous_84)
FNDA:0,(anonymous_85)
FNDA:0,(anonymous_86)
FNDA:0,(anonymous_87)
FNDA:0,(anonymous_88)
FNDA:0,(anonymous_89)
FNDA:0,(anonymous_90)
DA:1,1
DA:2,1
DA:3,1
DA:4,1
DA:5,1
DA:6,1
DA:7,1
DA:8,1
DA:9,1
DA:10,1
DA:11,1
DA:12,1
DA:38,1
DA:39,0
DA:40,0
DA:41,0
DA:42,0
DA:55,0
DA:56,0
DA:57,0
DA:58,0
DA:59,0
DA:60,0
DA:62,0
DA:63,0
DA:66,0
DA:67,0
DA:71,0
DA:72,0
DA:73,0
DA:74,0
DA:75,0
DA:77,0
DA:78,0
DA:79,0
DA:80,0
DA:81,0
DA:82,0
DA:85,0
DA:86,0
DA:87,0
DA:89,0
DA:91,0
DA:94,0
DA:97,0
DA:99,0
DA:100,0
DA:101,0
DA:102,0
DA:103,0
DA:105,0
DA:106,0
DA:107,0
DA:112,0
DA:113,0
DA:118,0
DA:119,0
DA:120,0
DA:121,0
DA:122,0
DA:123,0
DA:124,0
DA:125,0
DA:126,0
DA:127,0
DA:128,0
DA:130,0
DA:133,0
DA:137,0
DA:138,0
DA:139,0
DA:140,0
DA:141,0
DA:142,0
DA:143,0
DA:144,0
DA:149,0
DA:150,0
DA:151,0
DA:155,0
DA:164,0
DA:165,0
DA:166,0
DA:168,0
DA:169,0
DA:172,0
DA:173,0
DA:176,0
DA:177,0
DA:178,0
DA:182,0
DA:191,0
DA:192,0
DA:193,0
DA:197,0
DA:206,0
DA:207,0
DA:208,0
DA:221,0
DA:224,0
DA:225,0
DA:226,0
DA:230,0
DA:239,0
DA:240,0
DA:241,0
DA:259,0
DA:260,0
DA:261,0
DA:264,0
DA:271,0
DA:272,0
DA:273,0
DA:276,0
DA:277,0
DA:278,0
DA:279,0
DA:287,0
DA:288,0
DA:289,0
DA:291,0
DA:292,0
DA:296,0
DA:297,0
DA:298,0
DA:306,0
DA:307,0
DA:311,0
DA:312,0
DA:313,0
DA:314,0
DA:315,0
DA:316,0
DA:317,0
DA:320,0
DA:321,0
DA:322,0
DA:323,0
DA:324,0
DA:325,0
DA:326,0
DA:329,0
DA:341,0
DA:344,0
DA:354,0
DA:355,0
DA:356,0
DA:377,0
DA:379,0
DA:388,0
DA:389,0
DA:390,0
DA:394,0
DA:416,0
DA:442,0
DA:443,0
DA:444,0
DA:458,0
DA:472,0
DA:479,0
DA:480,0
DA:482,0
DA:486,0
DA:487,0
DA:489,0
DA:494,0
DA:495,0
DA:501,0
DA:511,0
LF:169
LH:13
BRDA:66,0,0,0
BRDA:66,0,1,0
BRDA:71,1,0,0
BRDA:71,1,1,0
BRDA:71,2,0,0
BRDA:71,2,1,0
BRDA:71,3,0,0
BRDA:71,3,1,0
BRDA:85,4,0,0
BRDA:85,4,1,0
BRDA:87,5,0,0
BRDA:87,5,1,0
BRDA:89,6,0,0
BRDA:89,6,1,0
BRDA:94,7,0,0
BRDA:94,7,1,0
BRDA:100,8,0,0
BRDA:100,8,1,0
BRDA:106,9,0,0
BRDA:106,9,1,0
BRDA:118,10,0,0
BRDA:118,10,1,0
BRDA:121,11,0,0
BRDA:121,11,1,0
BRDA:127,12,0,0
BRDA:127,12,1,0
BRDA:140,13,0,0
BRDA:140,13,1,0
BRDA:142,14,0,0
BRDA:142,14,1,0
BRDA:142,15,0,0
BRDA:142,15,1,0
BRDA:150,16,0,0
BRDA:150,16,1,0
BRDA:150,17,0,0
BRDA:150,17,1,0
BRDA:169,18,0,0
BRDA:169,18,1,0
BRDA:173,19,0,0
BRDA:173,19,1,0
BRDA:178,20,0,0
BRDA:178,20,1,0
BRDA:182,21,0,0
BRDA:182,21,1,0
BRDA:193,22,0,0
BRDA:193,22,1,0
BRDA:197,23,0,0
BRDA:197,23,1,0
BRDA:207,24,0,0
BRDA:207,24,1,0
BRDA:226,25,0,0
BRDA:226,25,1,0
BRDA:230,26,0,0
BRDA:230,26,1,0
BRDA:241,27,0,0
BRDA:241,27,1,0
BRDA:261,28,0,0
BRDA:261,28,1,0
BRDA:261,29,0,0
BRDA:261,29,1,0
BRDA:272,30,0,0
BRDA:272,30,1,0
BRDA:287,31,0,0
BRDA:287,31,1,0
BRDA:312,32,0,0
BRDA:312,32,1,0
BRDA:321,33,0,0
BRDA:321,33,1,0
BRDA:322,34,0,0
BRDA:322,34,1,0
BRDA:324,35,0,0
BRDA:324,35,1,0
BRDA:324,36,0,0
BRDA:324,36,1,0
BRDA:325,37,0,0
BRDA:325,37,1,0
BRDA:325,38,0,0
BRDA:325,38,1,0
BRDA:335,39,0,0
BRDA:335,39,1,0
BRDA:336,40,0,0
BRDA:336,40,1,0
BRDA:337,41,0,0
BRDA:337,41,1,0
BRDA:337,41,2,0
BRDA:337,41,3,0
BRDA:337,41,4,0
BRDA:357,42,0,0
BRDA:357,42,1,0
BRDA:361,43,0,0
BRDA:361,43,1,0
BRDA:361,43,2,0
BRDA:361,43,3,0
BRDA:367,44,0,0
BRDA:367,44,1,0
BRDA:382,45,0,0
BRDA:382,45,1,0
BRDA:383,46,0,0
BRDA:383,46,1,0
BRDA:384,47,0,0
BRDA:384,47,1,0
BRDA:384,47,2,0
BRDA:384,47,3,0
BRDA:385,48,0,0
BRDA:385,48,1,0
BRDA:385,48,2,0
BRDA:385,48,3,0
BRDA:389,49,0,0
BRDA:389,49,1,0
BRDA:394,50,0,0
BRDA:394,50,1,0
BRDA:394,51,0,0
BRDA:394,51,1,0
BRDA:394,52,0,0
BRDA:394,52,1,0
BRDA:397,53,0,0
BRDA:397,53,1,0
BRDA:397,53,2,0
BRDA:397,54,0,0
BRDA:397,54,1,0
BRDA:397,55,0,0
BRDA:397,55,1,0
BRDA:397,56,0,0
BRDA:397,56,1,0
BRDA:397,56,2,0
BRDA:398,57,0,0
BRDA:398,57,1,0
BRDA:401,58,0,0
BRDA:401,58,1,0
BRDA:407,59,0,0
BRDA:407,59,1,0
BRDA:407,60,0,0
BRDA:407,60,1,0
BRDA:410,61,0,0
BRDA:410,61,1,0
BRDA:413,62,0,0
BRDA:413,62,1,0
BRDA:413,63,0,0
BRDA:413,63,1,0
BRDA:417,64,0,0
BRDA:417,64,1,0
BRDA:417,65,0,0
BRDA:417,65,1,0
BRDA:416,66,0,0
BRDA:416,66,1,0
BRDA:426,67,0,0
BRDA:426,67,1,0
BRDA:391,68,0,0
BRDA:391,68,1,0
BRDA:456,69,0,0
BRDA:456,69,1,0
BRDA:472,70,0,0
BRDA:472,70,1,0
BRDA:480,71,0,0
BRDA:480,71,1,0
BRDA:480,72,0,0
BRDA:480,72,1,0
BRDA:481,73,0,0
BRDA:481,73,1,0
BRDA:487,74,0,0
BRDA:487,74,1,0
BRDA:494,75,0,0
BRDA:494,75,1,0
BRDA:494,76,0,0
BRDA:494,76,1,0
BRDA:517,77,0,0
BRDA:517,77,1,0
BRDA:517,78,0,0
BRDA:517,78,1,0
BRDA:517,79,0,0
BRDA:517,79,1,0
BRF:171
BRH:0
end_of_record
TN:
SF:src\components\ui\badge.tsx
FN:30,Badge
FNF:1
FNH:0
FNDA:0,Badge
DA:2,1
DA:4,1
DA:6,1
DA:30,0
DA:31,0
DA:36,1
LF:6
LH:4
BRF:0
BRH:0
end_of_record
TN:
SF:src\components\ui\button.tsx
FN:6,(anonymous_7)
FNF:1
FNH:1
FNDA:1,(anonymous_7)
DA:1,2
DA:3,2
DA:6,1
DA:22,2
DA:23,2
LF:5
LH:5
BRDA:6,0,0,0
BRF:1
BRH:0
end_of_record
TN:
SF:src\components\ui\card.tsx
FN:6,(anonymous_2)
FNF:1
FNH:1
FNDA:1,(anonymous_2)
DA:1,2
DA:3,2
DA:6,1
DA:19,2
DA:20,2
LF:5
LH:5
BRDA:6,0,0,0
BRF:1
BRH:0
end_of_record
TN:
SF:src\components\ui\input.tsx
FN:6,(anonymous_7)
FNF:1
FNH:0
FNDA:0,(anonymous_7)
DA:1,1
DA:3,1
DA:5,1
DA:6,0
DA:7,0
DA:20,1
DA:22,1
LF:7
LH:5
BRF:0
BRH:0
end_of_record
TN:
SF:src\components\ui\progress.tsx
FN:9,(anonymous_7)
FNF:1
FNH:0
FNDA:0,(anonymous_7)
DA:1,1
DA:2,1
DA:4,1
DA:6,1
DA:9,0
DA:24,1
DA:26,1
LF:7
LH:6
BRDA:20,0,0,0
BRDA:20,0,1,0
BRF:2
BRH:0
end_of_record
TN:
SF:src\components\ui\skeleton.tsx
FN:3,(anonymous_0)
FNF:1
FNH:1
FNDA:1,(anonymous_0)
DA:3,2
DA:4,1
DA:7,2
LF:3
LH:3
BRDA:3,0,0,0
BRF:1
BRH:0
end_of_record
TN:
SF:src\components\ui\sonner.tsx
FN:29,(anonymous_1)
FN:6,(anonymous_2)
FNF:2
FNH:1
FNDA:0,(anonymous_1)
FNDA:2,(anonymous_2)
DA:1,1
DA:2,1
DA:6,2
DA:7,2
DA:9,2
DA:29,1
LF:6
LH:6
BRDA:7,0,0,2
BRF:1
BRH:1
end_of_record
TN:
SF:src\components\ui\toast.tsx
FN:13,(anonymous_7)
FN:45,(anonymous_8)
FN:59,(anonymous_9)
FN:74,(anonymous_10)
FN:92,(anonymous_11)
FN:104,(anonymous_12)
FNF:6
FNH:1
FNDA:2,(anonymous_7)
FNDA:0,(anonymous_8)
FNDA:0,(anonymous_9)
FNDA:0,(anonymous_10)
FNDA:0,(anonymous_11)
FNDA:0,(anonymous_12)
DA:1,1
DA:2,1
DA:3,1
DA:4,1
DA:6,1
DA:8,1
DA:10,1
DA:13,2
DA:23,1
DA:25,1
DA:41,1
DA:45,0
DA:46,0
DA:54,1
DA:56,1
DA:59,0
DA:69,1
DA:71,1
DA:74,0
DA:87,1
DA:89,1
DA:92,0
DA:99,1
DA:101,1
DA:104,0
DA:111,1
DA:120,1
DA:121,1
DA:122,1
DA:123,1
DA:124,1
DA:125,1
DA:126,1
LF:33
LH:27
BRF:0
BRH:0
end_of_record
TN:
SF:src\components\ui\toaster.tsx
FN:11,Toaster
FN:16,(anonymous_2)
FNF:2
FNH:1
FNDA:2,Toaster
FNDA:0,(anonymous_2)
DA:1,1
DA:2,1
DA:11,1
DA:12,2
DA:14,2
DA:16,0
DA:17,0
LF:7
LH:5
BRDA:20,0,0,0
BRDA:20,0,1,0
BRDA:21,1,0,0
BRDA:21,1,1,0
BRF:4
BRH:0
end_of_record
TN:
SF:src\components\ui\tooltip.tsx
FN:15,(anonymous_7)
FNF:1
FNH:0
FNDA:0,(anonymous_7)
DA:1,1
DA:2,1
DA:4,1
DA:6,1
DA:8,1
DA:10,1
DA:12,1
DA:15,0
DA:26,1
DA:28,1
LF:10
LH:9
BRDA:15,0,0,0
BRF:1
BRH:0
end_of_record
TN:
SF:src\hooks\use-toast.ts
FN:27,genId
FN:58,(anonymous_8)
FN:63,(anonymous_9)
FN:74,(anonymous_10)
FN:85,(anonymous_11)
FN:98,(anonymous_12)
FN:105,(anonymous_13)
FN:124,(anonymous_14)
FN:133,dispatch
FN:135,(anonymous_16)
FN:142,toast
FN:145,(anonymous_18)
FN:150,(anonymous_19)
FN:158,(anonymous_20)
FN:171,useToast
FN:174,(anonymous_22)
FN:176,(anonymous_23)
FN:187,(anonymous_24)
FNF:18
FNH:3
FNDA:0,genId
FNDA:0,(anonymous_8)
FNDA:0,(anonymous_9)
FNDA:0,(anonymous_10)
FNDA:0,(anonymous_11)
FNDA:0,(anonymous_12)
FNDA:0,(anonymous_13)
FNDA:0,(anonymous_14)
FNDA:0,dispatch
FNDA:0,(anonymous_16)
FNDA:0,toast
FNDA:0,(anonymous_18)
FNDA:0,(anonymous_19)
FNDA:0,(anonymous_20)
FNDA:2,useToast
FNDA:2,(anonymous_22)
FNDA:2,(anonymous_23)
FNDA:0,(anonymous_24)
DA:1,1
DA:8,1
DA:9,1
DA:18,1
DA:25,1
DA:28,0
DA:29,0
DA:56,1
DA:58,1
DA:59,0
DA:60,0
DA:63,0
DA:64,0
DA:65,0
DA:71,0
DA:74,1
DA:75,0
DA:77,0
DA:83,0
DA:86,0
DA:91,0
DA:95,0
DA:96,0
DA:98,0
DA:99,0
DA:103,0
DA:106,0
DA:116,0
DA:117,0
DA:122,0
DA:124,0
DA:129,1
DA:131,1
DA:134,0
DA:135,0
DA:136,0
DA:142,0
DA:143,0
DA:145,0
DA:146,0
DA:150,0
DA:152,0
DA:159,0
DA:164,0
DA:172,2
DA:174,2
DA:175,2
DA:176,2
DA:177,2
DA:178,2
DA:179,2
DA:184,2
DA:187,0
DA:191,1
LF:54
LH:19
BRDA:59,0,0,0
BRDA:59,0,1,0
BRDA:75,1,0,0
BRDA:75,1,1,0
BRDA:75,1,2,0
BRDA:75,1,3,0
BRDA:86,2,0,0
BRDA:86,2,1,0
BRDA:95,3,0,0
BRDA:95,3,1,0
BRDA:106,4,0,0
BRDA:106,4,1,0
BRDA:106,5,0,0
BRDA:106,5,1,0
BRDA:116,6,0,0
BRDA:116,6,1,0
BRDA:159,7,0,0
BRDA:159,7,1,0
BRDA:178,8,0,2
BRDA:178,8,1,0
BRF:20
BRH:1
end_of_record
TN:
SF:src\lib\auth.tsx
FN:16,(anonymous_0)
FN:17,(anonymous_1)
FN:18,(anonymous_2)
FN:20,(anonymous_3)
FN:28,(anonymous_4)
FN:37,(anonymous_5)
FN:42,(anonymous_6)
FN:43,(anonymous_7)
FN:49,(anonymous_8)
FN:54,(anonymous_9)
FN:68,(anonymous_10)
FNF:11
FNH:9
FNDA:7,(anonymous_0)
FNDA:5,(anonymous_1)
FNDA:5,(anonymous_2)
FNDA:7,(anonymous_3)
FNDA:7,(anonymous_4)
FNDA:7,(anonymous_5)
FNDA:0,(anonymous_6)
FNDA:0,(anonymous_7)
FNDA:1,(anonymous_8)
FNDA:1,(anonymous_9)
FNDA:8,(anonymous_10)
DA:1,2
DA:11,2
DA:14,2
DA:16,2
DA:17,7
DA:18,7
DA:20,7
DA:21,7
DA:22,1
DA:24,6
DA:28,7
DA:29,7
DA:30,1
DA:32,6
DA:37,7
DA:38,7
DA:39,0
DA:42,0
DA:44,0
DA:49,7
DA:50,1
DA:51,1
DA:54,7
DA:55,1
DA:56,1
DA:59,7
DA:61,7
DA:68,2
DA:69,8
DA:70,8
DA:71,8
LF:31
LH:28
BRDA:21,0,0,1
BRDA:21,0,1,6
BRDA:29,1,0,1
BRDA:29,1,1,6
BRDA:38,2,0,0
BRDA:38,2,1,7
BRDA:38,3,0,7
BRDA:38,3,1,1
BRDA:42,4,0,0
BRDA:42,4,1,0
BRDA:44,5,0,0
BRDA:44,5,1,0
BRDA:44,6,0,0
BRDA:44,6,1,0
BRDA:51,7,0,1
BRDA:51,7,1,0
BRDA:70,8,0,0
BRDA:70,8,1,8
BRF:18
BRH:9
end_of_record
TN:
SF:src\lib\notifications.ts
FN:1,requestNotificationPermission
FN:9,sendNotification
FNF:2
FNH:0
FNDA:0,requestNotificationPermission
FNDA:0,sendNotification
DA:1,1
DA:2,0
DA:3,0
DA:4,0
DA:9,1
DA:10,0
DA:11,0
LF:7
LH:2
BRDA:2,0,0,0
BRDA:2,0,1,0
BRDA:3,1,0,0
BRDA:3,1,1,0
BRDA:10,2,0,0
BRDA:10,2,1,0
BRDA:10,3,0,0
BRDA:10,3,1,0
BRF:8
BRH:0
end_of_record
TN:
SF:src\lib\utils.ts
FN:4,cn
FNF:1
FNH:1
FNDA:2,cn
DA:1,1
DA:2,1
DA:4,1
DA:5,2
LF:4
LH:4
BRF:0
BRH:0
end_of_record
TN:
SF:src\pages\AdminDashboard.tsx
FN:11,(anonymous_8)
FN:11,(anonymous_9)
FN:17,(anonymous_10)
FN:17,(anonymous_11)
FN:27,(anonymous_12)
FN:34,(anonymous_13)
FN:36,(anonymous_14)
FN:46,(anonymous_15)
FN:54,(anonymous_16)
FN:59,(anonymous_17)
FN:93,(anonymous_18)
FNF:11
FNH:0
FNDA:0,(anonymous_8)
FNDA:0,(anonymous_9)
FNDA:0,(anonymous_10)
FNDA:0,(anonymous_11)
FNDA:0,(anonymous_12)
FNDA:0,(anonymous_13)
FNDA:0,(anonymous_14)
FNDA:0,(anonymous_15)
FNDA:0,(anonymous_16)
FNDA:0,(anonymous_17)
FNDA:0,(anonymous_18)
DA:1,1
DA:2,1
DA:3,1
DA:11,1
DA:12,0
DA:13,0
DA:14,0
DA:17,1
DA:18,0
DA:23,0
DA:24,0
DA:27,1
DA:28,0
DA:32,0
DA:35,0
DA:36,0
DA:37,0
DA:40,0
DA:41,0
DA:42,0
DA:43,0
DA:44,0
DA:46,0
DA:47,0
DA:50,0
DA:54,0
DA:59,0
DA:93,0
DA:112,1
LF:29
LH:7
BRDA:13,0,0,0
BRDA:13,0,1,0
BRDA:23,1,0,0
BRDA:23,1,1,0
BRDA:44,2,0,0
BRDA:44,2,1,0
BRDA:65,3,0,0
BRDA:65,3,1,0
BRDA:71,4,0,0
BRDA:71,4,1,0
BRDA:101,5,0,0
BRDA:101,5,1,0
BRDA:103,6,0,0
BRDA:103,6,1,0
BRDA:105,7,0,0
BRDA:105,7,1,0
BRF:16
BRH:0
end_of_record
TN:
SF:src\pages\Challenges.tsx
FN:17,(anonymous_8)
FN:17,(anonymous_9)
FN:23,(anonymous_10)
FN:23,(anonymous_11)
FN:29,(anonymous_12)
FN:37,(anonymous_13)
FN:54,(anonymous_14)
FN:63,(anonymous_15)
FNF:8
FNH:0
FNDA:0,(anonymous_8)
FNDA:0,(anonymous_9)
FNDA:0,(anonymous_10)
FNDA:0,(anonymous_11)
FNDA:0,(anonymous_12)
FNDA:0,(anonymous_13)
FNDA:0,(anonymous_14)
FNDA:0,(anonymous_15)
DA:2,1
DA:3,1
DA:17,1
DA:18,0
DA:19,0
DA:20,0
DA:23,1
DA:24,0
DA:25,0
DA:26,0
DA:29,1
DA:30,0
DA:31,0
DA:35,0
DA:37,0
DA:39,0
DA:41,0
DA:55,0
DA:63,0
DA:77,1
LF:20
LH:6
BRDA:19,0,0,0
BRDA:19,0,1,0
BRDA:25,1,0,0
BRDA:25,1,1,0
BRDA:39,2,0,0
BRDA:39,2,1,0
BRDA:39,3,0,0
BRDA:39,3,1,0
BRDA:39,4,0,0
BRDA:39,4,1,0
BRDA:45,5,0,0
BRDA:45,5,1,0
BRDA:51,6,0,0
BRDA:51,6,1,0
BRDA:62,7,0,0
BRDA:62,7,1,0
BRF:16
BRH:0
end_of_record
TN:
SF:src\pages\CoachDashboard.tsx
FN:7,(anonymous_8)
FN:22,(anonymous_9)
FN:29,(anonymous_10)
FN:30,(anonymous_11)
FN:31,(anonymous_12)
FN:32,(anonymous_13)
FN:35,(anonymous_14)
FN:37,(anonymous_15)
FN:39,(anonymous_16)
FN:44,(anonymous_17)
FN:45,(anonymous_18)
FN:55,(anonymous_19)
FN:62,(anonymous_20)
FN:63,(anonymous_21)
FN:82,(anonymous_22)
FN:82,(anonymous_23)
FN:83,(anonymous_24)
FN:93,(anonymous_25)
FN:94,(anonymous_26)
FN:94,(anonymous_27)
FN:96,(anonymous_28)
FN:110,(anonymous_29)
FN:127,(anonymous_30)
FN:129,(anonymous_31)
FN:132,(anonymous_32)
FN:139,(anonymous_33)
FN:139,(anonymous_34)
FN:141,(anonymous_35)
FN:141,(anonymous_36)
FN:149,(anonymous_37)
FN:155,(anonymous_38)
FN:161,(anonymous_39)
FN:164,(anonymous_40)
FN:166,(anonymous_41)
FN:171,(anonymous_42)
FN:173,(anonymous_43)
FN:195,(anonymous_44)
FN:200,(anonymous_45)
FN:200,(anonymous_46)
FN:201,(anonymous_47)
FN:225,(anonymous_48)
FN:231,(anonymous_49)
FN:236,(anonymous_50)
FN:240,(anonymous_51)
FN:242,(anonymous_52)
FN:248,(anonymous_53)
FN:250,(anonymous_54)
FN:250,(anonymous_55)
FN:252,(anonymous_56)
FN:258,(anonymous_57)
FN:259,(anonymous_58)
FN:261,(anonymous_59)
FN:263,(anonymous_60)
FN:263,(anonymous_61)
FN:265,(anonymous_62)
FN:268,(anonymous_63)
FN:270,(anonymous_64)
FN:278,(anonymous_65)
FN:282,(anonymous_66)
FN:284,(anonymous_67)
FN:294,(anonymous_68)
FN:332,(anonymous_69)
FNF:62
FNH:0
FNDA:0,(anonymous_8)
FNDA:0,(anonymous_9)
FNDA:0,(anonymous_10)
FNDA:0,(anonymous_11)
FNDA:0,(anonymous_12)
FNDA:0,(anonymous_13)
FNDA:0,(anonymous_14)
FNDA:0,(anonymous_15)
FNDA:0,(anonymous_16)
FNDA:0,(anonymous_17)
FNDA:0,(anonymous_18)
FNDA:0,(anonymous_19)
FNDA:0,(anonymous_20)
FNDA:0,(anonymous_21)
FNDA:0,(anonymous_22)
FNDA:0,(anonymous_23)
FNDA:0,(anonymous_24)
FNDA:0,(anonymous_25)
FNDA:0,(anonymous_26)
FNDA:0,(anonymous_27)
FNDA:0,(anonymous_28)
FNDA:0,(anonymous_29)
FNDA:0,(anonymous_30)
FNDA:0,(anonymous_31)
FNDA:0,(anonymous_32)
FNDA:0,(anonymous_33)
FNDA:0,(anonymous_34)
FNDA:0,(anonymous_35)
FNDA:0,(anonymous_36)
FNDA:0,(anonymous_37)
FNDA:0,(anonymous_38)
FNDA:0,(anonymous_39)
FNDA:0,(anonymous_40)
FNDA:0,(anonymous_41)
FNDA:0,(anonymous_42)
FNDA:0,(anonymous_43)
FNDA:0,(anonymous_44)
FNDA:0,(anonymous_45)
FNDA:0,(anonymous_46)
FNDA:0,(anonymous_47)
FNDA:0,(anonymous_48)
FNDA:0,(anonymous_49)
FNDA:0,(anonymous_50)
FNDA:0,(anonymous_51)
FNDA:0,(anonymous_52)
FNDA:0,(anonymous_53)
FNDA:0,(anonymous_54)
FNDA:0,(anonymous_55)
FNDA:0,(anonymous_56)
FNDA:0,(anonymous_57)
FNDA:0,(anonymous_58)
FNDA:0,(anonymous_59)
FNDA:0,(anonymous_60)
FNDA:0,(anonymous_61)
FNDA:0,(anonymous_62)
FNDA:0,(anonymous_63)
FNDA:0,(anonymous_64)
FNDA:0,(anonymous_65)
FNDA:0,(anonymous_66)
FNDA:0,(anonymous_67)
FNDA:0,(anonymous_68)
FNDA:0,(anonymous_69)
DA:2,1
DA:3,1
DA:4,1
DA:5,1
DA:7,1
DA:8,0
DA:9,0
DA:10,0
DA:11,0
DA:12,0
DA:13,0
DA:14,0
DA:15,0
DA:16,0
DA:17,0
DA:18,0
DA:19,0
DA:20,0
DA:22,0
DA:23,0
DA:24,0
DA:25,0
DA:26,0
DA:29,0
DA:30,0
DA:31,0
DA:32,0
DA:35,0
DA:36,0
DA:37,0
DA:38,0
DA:39,0
DA:40,0
DA:41,0
DA:44,0
DA:45,0
DA:46,0
DA:51,0
DA:52,0
DA:55,0
DA:56,0
DA:57,0
DA:58,0
DA:61,0
DA:62,0
DA:63,0
DA:64,0
DA:65,0
DA:66,0
DA:67,0
DA:68,0
DA:69,0
DA:71,0
DA:72,0
DA:73,0
DA:76,0
DA:78,0
DA:79,0
DA:82,0
DA:83,0
DA:84,0
DA:85,0
DA:93,0
DA:94,0
DA:96,0
DA:100,0
DA:110,0
DA:128,0
DA:129,0
DA:132,0
DA:139,0
DA:141,0
DA:149,0
DA:155,0
DA:161,0
DA:165,0
DA:166,0
DA:167,0
DA:168,0
DA:171,0
DA:172,0
DA:173,0
DA:174,0
DA:178,0
DA:179,0
DA:196,0
DA:197,0
DA:200,0
DA:201,0
DA:202,0
DA:225,1
DA:227,0
DA:228,0
DA:229,0
DA:230,0
DA:231,0
DA:232,0
DA:233,0
DA:234,0
DA:236,0
DA:237,0
DA:238,0
DA:240,0
DA:241,0
DA:242,0
DA:243,0
DA:244,0
DA:246,0
DA:248,0
DA:249,0
DA:250,0
DA:251,0
DA:252,0
DA:254,0
DA:256,0
DA:258,0
DA:259,0
DA:260,0
DA:261,0
DA:262,0
DA:263,0
DA:265,0
DA:268,0
DA:269,0
DA:270,0
DA:271,0
DA:272,0
DA:274,0
DA:277,0
DA:278,0
DA:279,0
DA:282,0
DA:283,0
DA:284,0
DA:285,0
DA:286,0
DA:290,0
DA:295,0
DA:333,0
DA:344,1
LF:140
LH:7
BRDA:23,0,0,0
BRDA:23,0,1,0
BRDA:23,1,0,0
BRDA:23,1,1,0
BRDA:29,2,0,0
BRDA:29,2,1,0
BRDA:30,3,0,0
BRDA:30,3,1,0
BRDA:38,4,0,0
BRDA:38,4,1,0
BRDA:38,4,2,0
BRDA:39,5,0,0
BRDA:39,5,1,0
BRDA:40,6,0,0
BRDA:40,6,1,0
BRDA:40,6,2,0
BRDA:41,7,0,0
BRDA:41,7,1,0
BRDA:41,8,0,0
BRDA:41,8,1,0
BRDA:43,9,0,0
BRDA:43,9,1,0
BRDA:45,10,0,0
BRDA:45,10,1,0
BRDA:45,11,0,0
BRDA:45,11,1,0
BRDA:46,12,0,0
BRDA:46,12,1,0
BRDA:56,13,0,0
BRDA:56,13,1,0
BRDA:57,14,0,0
BRDA:57,14,1,0
BRDA:58,15,0,0
BRDA:58,15,1,0
BRDA:62,16,0,0
BRDA:62,16,1,0
BRDA:64,17,0,0
BRDA:64,17,1,0
BRDA:65,18,0,0
BRDA:65,18,1,0
BRDA:65,18,2,0
BRDA:66,19,0,0
BRDA:66,19,1,0
BRDA:66,19,2,0
BRDA:67,20,0,0
BRDA:67,20,1,0
BRDA:67,21,0,0
BRDA:67,21,1,0
BRDA:68,22,0,0
BRDA:68,22,1,0
BRDA:68,23,0,0
BRDA:68,23,1,0
BRDA:71,24,0,0
BRDA:71,24,1,0
BRDA:72,25,0,0
BRDA:72,25,1,0
BRDA:73,26,0,0
BRDA:73,26,1,0
BRDA:78,27,0,0
BRDA:78,27,1,0
BRDA:78,28,0,0
BRDA:78,28,1,0
BRDA:114,29,0,0
BRDA:114,29,1,0
BRDA:115,30,0,0
BRDA:115,30,1,0
BRDA:116,31,0,0
BRDA:116,31,1,0
BRDA:116,31,2,0
BRDA:116,31,3,0
BRDA:117,32,0,0
BRDA:117,32,1,0
BRDA:117,32,2,0
BRDA:117,32,3,0
BRDA:129,33,0,0
BRDA:129,33,1,0
BRDA:129,33,2,0
BRDA:131,34,0,0
BRDA:131,34,1,0
BRDA:145,35,0,0
BRDA:145,35,1,0
BRDA:147,36,0,0
BRDA:147,36,1,0
BRDA:147,36,2,0
BRDA:148,37,0,0
BRDA:148,37,1,0
BRDA:152,38,0,0
BRDA:152,38,1,0
BRDA:156,39,0,0
BRDA:156,39,1,0
BRDA:156,39,2,0
BRDA:166,40,0,0
BRDA:166,40,1,0
BRDA:167,41,0,0
BRDA:167,41,1,0
BRDA:167,41,2,0
BRDA:168,42,0,0
BRDA:168,42,1,0
BRDA:168,43,0,0
BRDA:168,43,1,0
BRDA:170,44,0,0
BRDA:170,44,1,0
BRDA:172,45,0,0
BRDA:172,45,1,0
BRDA:172,46,0,0
BRDA:172,46,1,0
BRDA:173,47,0,0
BRDA:173,47,1,0
BRDA:173,48,0,0
BRDA:173,48,1,0
BRDA:174,49,0,0
BRDA:174,49,1,0
BRDA:179,50,0,0
BRDA:179,50,1,0
BRDA:179,50,2,0
BRDA:195,51,0,0
BRDA:195,51,1,0
BRDA:196,52,0,0
BRDA:196,52,1,0
BRDA:196,52,2,0
BRDA:197,53,0,0
BRDA:197,53,1,0
BRDA:197,54,0,0
BRDA:197,54,1,0
BRDA:199,55,0,0
BRDA:199,55,1,0
BRDA:200,56,0,0
BRDA:200,56,1,0
BRDA:201,57,0,0
BRDA:201,57,1,0
BRDA:201,58,0,0
BRDA:201,58,1,0
BRDA:201,59,0,0
BRDA:201,59,1,0
BRDA:208,60,0,0
BRDA:208,60,1,0
BRDA:209,61,0,0
BRDA:209,61,1,0
BRDA:237,62,0,0
BRDA:237,62,1,0
BRDA:238,63,0,0
BRDA:238,63,1,0
BRDA:241,64,0,0
BRDA:241,64,1,0
BRDA:241,65,0,0
BRDA:241,65,1,0
BRDA:242,66,0,0
BRDA:242,66,1,0
BRDA:242,67,0,0
BRDA:242,67,1,0
BRDA:242,68,0,0
BRDA:242,68,1,0
BRDA:243,69,0,0
BRDA:243,69,1,0
BRDA:243,70,0,0
BRDA:243,70,1,0
BRDA:249,71,0,0
BRDA:249,71,1,0
BRDA:249,72,0,0
BRDA:249,72,1,0
BRDA:250,73,0,0
BRDA:250,73,1,0
BRDA:250,74,0,0
BRDA:250,74,1,0
BRDA:250,75,0,0
BRDA:250,75,1,0
BRDA:251,76,0,0
BRDA:251,76,1,0
BRDA:251,77,0,0
BRDA:251,77,1,0
BRDA:262,78,0,0
BRDA:262,78,1,0
BRDA:262,79,0,0
BRDA:262,79,1,0
BRDA:263,80,0,0
BRDA:263,80,1,0
BRDA:263,81,0,0
BRDA:263,81,1,0
BRDA:263,82,0,0
BRDA:263,82,1,0
BRDA:264,83,0,0
BRDA:264,83,1,0
BRDA:264,84,0,0
BRDA:264,84,1,0
BRDA:269,85,0,0
BRDA:269,85,1,0
BRDA:269,86,0,0
BRDA:269,86,1,0
BRDA:270,87,0,0
BRDA:270,87,1,0
BRDA:270,88,0,0
BRDA:270,88,1,0
BRDA:270,89,0,0
BRDA:270,89,1,0
BRDA:271,90,0,0
BRDA:271,90,1,0
BRDA:271,91,0,0
BRDA:271,91,1,0
BRDA:279,92,0,0
BRDA:279,92,1,0
BRDA:279,93,0,0
BRDA:279,93,1,0
BRDA:281,94,0,0
BRDA:281,94,1,0
BRDA:283,95,0,0
BRDA:283,95,1,0
BRDA:284,96,0,0
BRDA:284,96,1,0
BRDA:284,97,0,0
BRDA:284,97,1,0
BRDA:285,98,0,0
BRDA:285,98,1,0
BRDA:285,99,0,0
BRDA:285,99,1,0
BRDA:298,100,0,0
BRDA:298,100,1,0
BRDA:304,101,0,0
BRDA:304,101,1,0
BRDA:308,102,0,0
BRDA:308,102,1,0
BRDA:328,103,0,0
BRDA:328,103,1,0
BRF:222
BRH:0
end_of_record
TN:
SF:src\pages\Friends.tsx
FN:14,(anonymous_8)
FN:14,(anonymous_9)
FN:20,(anonymous_10)
FN:20,(anonymous_11)
FN:30,(anonymous_12)
FN:38,(anonymous_13)
FN:43,(anonymous_14)
FN:52,(anonymous_15)
FN:65,(anonymous_16)
FN:70,(anonymous_17)
FN:72,(anonymous_18)
FN:82,(anonymous_19)
FNF:12
FNH:0
FNDA:0,(anonymous_8)
FNDA:0,(anonymous_9)
FNDA:0,(anonymous_10)
FNDA:0,(anonymous_11)
FNDA:0,(anonymous_12)
FNDA:0,(anonymous_13)
FNDA:0,(anonymous_14)
FNDA:0,(anonymous_15)
FNDA:0,(anonymous_16)
FNDA:0,(anonymous_17)
FNDA:0,(anonymous_18)
FNDA:0,(anonymous_19)
DA:1,1
DA:2,1
DA:3,1
DA:14,1
DA:15,0
DA:16,0
DA:17,0
DA:20,1
DA:21,0
DA:26,0
DA:27,0
DA:30,1
DA:31,0
DA:32,0
DA:36,0
DA:38,0
DA:40,0
DA:41,0
DA:42,0
DA:43,0
DA:45,0
DA:52,0
DA:66,0
DA:70,0
DA:72,0
DA:82,0
DA:93,1
LF:27
LH:7
BRDA:16,0,0,0
BRDA:16,0,1,0
BRDA:26,1,0,0
BRDA:26,1,1,0
BRDA:42,2,0,0
BRDA:42,2,1,0
BRDA:42,3,0,0
BRDA:42,3,1,0
BRDA:42,4,0,0
BRDA:42,4,1,0
BRDA:56,5,0,0
BRDA:56,5,1,0
BRDA:62,6,0,0
BRDA:62,6,1,0
BRDA:69,7,0,0
BRDA:69,7,1,0
BRDA:79,8,0,0
BRDA:79,8,1,0
BRF:18
BRH:0
end_of_record
TN:
SF:src\pages\Help.tsx
FN:30,(anonymous_0)
FN:34,(anonymous_1)
FNF:2
FNH:0
FNDA:0,(anonymous_0)
FNDA:0,(anonymous_1)
DA:3,1
DA:30,1
DA:31,0
DA:35,0
DA:45,1
LF:5
LH:3
BRF:0
BRH:0
end_of_record
TN:
SF:src\pages\Index.tsx
FN:6,(anonymous_0)
FNF:1
FNH:0
FNDA:0,(anonymous_0)
DA:1,1
DA:2,1
DA:3,1
DA:4,1
DA:6,1
DA:7,0
DA:31,1
LF:7
LH:6
BRF:0
BRH:0
end_of_record
TN:
SF:src\pages\Leaderboard.tsx
FN:15,(anonymous_8)
FN:15,(anonymous_9)
FN:21,(anonymous_10)
FN:51,(anonymous_11)
FNF:4
FNH:0
FNDA:0,(anonymous_8)
FNDA:0,(anonymous_9)
FNDA:0,(anonymous_10)
FNDA:0,(anonymous_11)
DA:2,1
DA:3,1
DA:15,1
DA:16,0
DA:17,0
DA:18,0
DA:21,1
DA:22,0
DA:26,0
DA:28,0
DA:51,0
DA:68,1
LF:12
LH:5
BRDA:17,0,0,0
BRDA:17,0,1,0
BRDA:26,1,0,0
BRDA:26,1,1,0
BRDA:26,2,0,0
BRDA:26,2,1,0
BRDA:26,3,0,0
BRDA:26,3,1,0
BRDA:32,4,0,0
BRDA:32,4,1,0
BRDA:38,5,0,0
BRDA:38,5,1,0
BRDA:52,6,0,0
BRDA:52,6,1,0
BRDA:56,7,0,0
BRDA:56,7,1,0
BRDA:56,8,0,0
BRDA:56,8,1,0
BRDA:56,9,0,0
BRDA:56,9,1,0
BRDA:56,10,0,0
BRDA:56,10,1,0
BRDA:56,11,0,0
BRDA:56,11,1,0
BRDA:56,12,0,0
BRDA:56,12,1,0
BRF:26
BRH:0
end_of_record
TN:
SF:src\pages\Login.tsx
FN:4,(anonymous_7)
FN:12,(anonymous_8)
FN:12,(anonymous_9)
FN:48,(anonymous_10)
FN:59,(anonymous_11)
FNF:5
FNH:1
FNDA:2,(anonymous_7)
FNDA:0,(anonymous_8)
FNDA:0,(anonymous_9)
FNDA:0,(anonymous_10)
FNDA:0,(anonymous_11)
DA:1,1
DA:2,1
DA:4,1
DA:5,2
DA:6,2
DA:7,2
DA:8,2
DA:10,2
DA:12,2
DA:13,0
DA:14,0
DA:15,0
DA:16,0
DA:18,0
DA:23,0
DA:24,0
DA:26,0
DA:28,0
DA:30,0
DA:32,0
DA:36,2
DA:48,0
DA:59,0
DA:71,1
LF:24
LH:11
BRDA:23,0,0,0
BRDA:23,0,1,0
BRDA:30,1,0,0
BRDA:30,1,1,0
BRDA:62,2,0,2
BRDA:62,2,1,0
BRDA:64,3,0,0
BRDA:64,3,1,2
BRF:8
BRH:2
end_of_record
TN:
SF:src\pages\NotFound.tsx
FN:4,(anonymous_0)
FN:7,(anonymous_1)
FNF:2
FNH:0
FNDA:0,(anonymous_0)
FNDA:0,(anonymous_1)
DA:1,1
DA:2,1
DA:4,1
DA:5,0
DA:7,0
DA:8,0
DA:14,0
DA:27,1
LF:8
LH:4
BRF:0
BRH:0
end_of_record
TN:
SF:src\pages\PrivacySettings.tsx
FN:3,(anonymous_0)
FN:12,(anonymous_1)
FN:14,(anonymous_2)
FN:20,(anonymous_3)
FN:22,(anonymous_4)
FN:28,(anonymous_5)
FN:29,(anonymous_6)
FN:38,(anonymous_7)
FN:42,(anonymous_8)
FNF:9
FNH:0
FNDA:0,(anonymous_0)
FNDA:0,(anonymous_1)
FNDA:0,(anonymous_2)
FNDA:0,(anonymous_3)
FNDA:0,(anonymous_4)
FNDA:0,(anonymous_5)
FNDA:0,(anonymous_6)
FNDA:0,(anonymous_7)
FNDA:0,(anonymous_8)
DA:1,1
DA:3,1
DA:4,0
DA:5,0
DA:6,0
DA:10,0
DA:12,0
DA:13,0
DA:14,0
DA:15,0
DA:16,0
DA:20,0
DA:21,0
DA:22,0
DA:23,0
DA:24,0
DA:28,0
DA:29,0
DA:32,0
DA:38,0
DA:42,0
DA:53,1
LF:22
LH:3
BRDA:44,0,0,0
BRDA:44,0,1,0
BRDA:45,1,0,0
BRDA:45,1,1,0
BRDA:46,2,0,0
BRDA:46,2,1,0
BRF:6
BRH:0
end_of_record
